5055 1053 238
4023 3563 238
7637 2307 262
5149 936 238
2323 9922 262
3105 6226 262
1607 7549 262
8415 6899 257
6394 3516 262
9499 2958 262
8688 829 262
2403 5836 238
5778 8422 262
3777 208 238
6622 6952 257
581 7302 262
4597 5222 210
3395 2747 217
4745 7794 262
2832 4582 238
9885 3620 262
5092 4815 210
2935 6287 262
4441 5519 210
4996 9324 262
9991 2113 262
5741 2662 238
264 4521 238
6448 5714 262
5561 4579 210
5563 3089 238
1187 9379 262
7223 5811 262
5364 3618 238
4720 6692 262
9899 8842 260
8714 7748 252
3494 8755 262
8283 9044 247
851 4497 238
5209 9311 262
4725 8420 262
9456 1401 262
5779 4537 236
5882 4588 236
9724 5610 262
6379 8211 257
2258 2859 209
8313 5552 262
5474 4425 210
9099 9625 260
2612 4312 238
121 7551 262
4457 6652 262
4984 1507 238
9559 8860 260
7783 845 262
6828 1407 262
4153 9051 262
2502 3258 217
8816 6174 257
8730 3936 262
7720 9450 260
2697 7184 262
1304 543 182
7846 1900 262
644 9235 262
1313 535 182
3466 2444 217
9947 7646 260
351 8502 262
7504 6941 257
161 2901 209
8006 9290 260
3376 9054 262
1946 1389 180
4740 8244 262
6643 7912 257
1685 4963 238
8062 4309 262
3812 1968 238
343 3052 217
9825 7677 260
9349 4943 262
4658 4675 153
6823 2329 262
6493 6218 200
3316 2032 217
180 3451 217
8850 1884 262
9098 2313 262
9445 6003 262
2699 4180 238
306 8932 262
1843 4707 238
1864 4823 238
1143 1291 182
8507 3750 262
4403 7110 262
4798 3154 238
3380 2356 217
432 522 142
250 1330 182
7210 5724 262
7667 1924 262
490 1563 182
7885 1702 262
1467 6536 262
6595 7873 257
770 3935 238
9984 6336 260
8605 3219 262
3780 2787 238
3048 4385 238
6222 3831 262
772 7954 262
5199 372 238
9426 5728 262
3930 974 238
5363 4354 215
5285 2124 238
7404 4918 262
8636 2701 262
7862 3484 262
5955 5457 236
2689 1622 209
8118 8588 234
9297 4926 262
8873 945 262
6339 6846 244
4484 1491 238
910 794 179
953 4742 238
7837 589 262
9985 393 262
5625 4233 236
7456 8603 252
3902 3261 238
7593 4422 262
3383 7821 262
2966 1347 217
8261 830 262
6985 1116 262
4564 1338 238
5716 6422 262
392 9975 262
2230 6059 238
6708 9296 260
1129 2309 183
9582 1055 262
8629 1871 262
2880 1870 209
5137 6910 262
479 2243 183
8152 9209 247
3289 6031 238
9572 819 262
6415 2641 262
5311 1307 238
9790 1780 262
6858 2840 262
3105 2774 217
4604 3694 238
6649 2094 262
5273 5868 236
4515 7502 262
549 4317 238
234 1613 182
9894 9193 260
9508 963 262
9770 9612 185
2642 1571 209
530 659 145
1453 9302 262
2851 4255 238
4042 8570 262
405 442 134
9680 5917 262
1294 185 182
3918 8290 262
5441 1633 238
2630 7333 262
2689 447 209
405 5283 238
2552 8560 262
4448 7099 262
7905 6581 257
5774 6618 262
5545 6657 262
4636 2901 238
6179 8416 257
6166 1263 238
6726 101 262
1251 7621 262
6935 2144 262
189 7656 262
6990 5154 262
351 1531 182
9423 3621 262
524 6285 262
