9383 886 262
2777 6915 262
7793 8335 252
5386 492 238
6649 1421 262
2362 27 183
8690 59 262
7763 3926 262
540 3426 217
9172 5736 262
5211 5368 192
2567 6429 262
5782 1530 238
2862 5123 238
4067 3135 238
3929 9802 262
4022 3058 238
3069 8167 262
1393 8456 262
5011 8042 262
6229 7373 257
4421 4919 197
3784 8537 262
5198 4324 215
8315 4370 262
6413 3526 262
6091 8980 262
9956 1873 262
6862 9170 257
6996 7281 195
2305 925 183
7084 6327 257
336 6505 262
846 1729 182
1313 5857 238
6124 3895 236
9582 545 262
8814 3367 262
5434 364 238
4043 3750 189
1087 6808 262
7276 7178 164
5788 3584 238
5403 2651 238
2754 2399 209
9932 5060 262
9676 3368 262
7739 12 262
6226 8586 257
8094 7539 252
66601 97467 351
570492 573317 372
295499 298490 327
32172 103348 351
739299 741222 393
66249 86990 351
40743 53144 340
14412 59479 340
11017 110294 354
76376 110991 354
28067 59426 340
68977 80154 351
897490 897525 326
754552 755199 318
19593 80308 351
18859 28828 308
86317 106312 354
36421 68972 340
382853 386966 348
22765 34986 311
33062 84303 351
98738 110751 354
55382 84292 351
38602 51735 314
727208 728802 318
42772 46007 314
10946 58106 340
410399 411305 374
28656 111544 354
561859 564350 359
1842 15033 276
40403 84506 351
17808 70847 340
10947 61690 340
717774 718116 318
58976 59476 273
491586 491953 320
34190 91583 351
741933 743872 349
617059 617320 279
122980 126381 331
5510 23856 282
67764 88883 351
438469 440610 400
11735 48628 324
547597 549373 377
78592 102296 341
58531 81198 351
21743 69232 340
57911 86469 351
115381 130908 349
400044 402260 387
24605 80261 351
39129 40072 306
345318 356264 441
216242 221743 386
25496 62315 340
66343 112466 354
825604 826693 344
31600 46017 324
24745 34596 311
294732 294815 265
68339 106407 354
720910 721894 367
66444 104712 351
28806 32073 285
35733 37545 306
3296 100857 351
71774 76077 325
56791 108354 354
26160 95022 351
57602 99538 351
57229 95731 351
46588 67183 340
525963 528136 408
226967 231367 443
45042 52927 340
53762 85739 351
47928 51019 296
17881 52630 340
31639 89965 351
87997 112818 354
116840 127369 336
67609 82379 351
17630 104812 351
233336 233950 275
7619 66975 340
744673 745105 243
44526 59720 340
46852 100161 351
4251 34307 311
44353 95475 351
170506 175400 347
39758 97408 351
48410 57537 340
989960 991219 321
64317 113010 354
589799 594339 403
27132 31984 285
58476 87092 351
8509 2508 262
8171 7864 252
3701 1655 217
6200 3009 262
6004 9826 262
3902 1643 238
5053 3467 238
6423 7018 257
4563 2741 238
7576 5496 262
1522 3984 238
6120 8440 262
5167 2006 238
4119 7160 262
5390 8947 262
604 251 144
7808 5128 262
8116 1509 262
6783 4316 262
871 2788 209
494 4773 238
783 5548 238
4592 3559 238
2566 9156 262
6300 142 262
1004 4174 238
478 7124 262
2614 1998 209
5483 6733 262
9158 7225 252
2033 9763 262
7477 9841 260
1243 1945 180
1350 8026 262
2613 2221 209
7166 3108 262
3346 4302 238
5008 4291 215
7861 7574 221
3447 4161 238
4068 803 238
8335 899 262
7927 950 262
2897 3410 217
4035 8407 262
6988 6068 262
4522 4465 184
2261 5765 238
2762 3612 217
144 5375 238
