60862 100218 351
34613 9336 311
29163 69317 340
945806 946516 352
112388 13644 354
564670 562339 359
698274 695726 367
47084 81817 351
335556 335362 260
91713 46776 351
56790 85441 351
82281 14673 351
111024 47381 354
107183 79688 354
88187 39124 351
110868 99280 354
117016 120995 336
104647 54256 351
46478 27571 324
60865 25990 340
323475 338376 384
112042 40759 354
14532 86975 351
55340 91915 351
57398 81871 351
51102 92583 351
75178 9791 340
45459 42086 314
99557 2214 351
855905 855718 326
54564 54100 260
55210 5689 340
190020 187423 360
834422 836580 344
345942 356796 441
5911 77815 351
570906 571955 359
615068 618922 372
77672 12395 351
987221 987100 334
145397 139061 375
96153 97352 297
236800 236098 337
53124 19248 340
124938 113547 349
52847 90402 351
61289 104844 351
25236 67789 340
102758 92521 341
31204 59143 340
27796 91292 351
101468 49179 351
94403 79540 333
590777 596874 403
796749 794449 468
79987 105882 341
345858 349387 441
66553 67799 312
117060 114787 349
37155 1195 324
16492 70299 340
41465 70833 340
1104 56953 340
127249 123727 331
184715 185799 329
18694 14661 279
224606 220059 355
888809 887674 401
80935 5752 351
26826 45835 324
117890 123332 336
17656 54855 340
892858 900051 370
92363 40558 351
899977 892006 370
353826 357554 379
94679 6715 351
707316 706817 230
329676 332836 353
34961 60519 340
40693 18754 324
904896 904342 383
600610 592556 372
440472 445412 356
36920 10598 324
1279 86134 351
842565 843582 388
68669 13956 340
673063 670762 367
95862 55499 351
56452 106330 354
12902 98921 351
880820 880804 295
45093 63223 340
24316 8783 282
198619 194758 360
1564 60034 340
68280 39499 340
54482 47960 340
21603 99062 351
370280 375715 361
49268 100052 351
74490 90682 351
32927 4127 308
60739 96405 351
109539 90035 354
22369 55645 340
602948 589472 403
94254 82094 333
394043 395021 405
82733 68576 351
34315 13432 311
964329 966213 352
84587 40175 351
21700 21799 207
614696 614954 279
60518 18845 340
88834 81441 333
38479 69896 340
60186 31515 340
395030 394955 268
506510 509480 382
25267 22323 282
23854 90713 351
64894 82650 351
75246 53835 335
12886 56635 340
600859 592960 372
38400 103719 351
171337 175994 347
716419 715192 380
