597133 603617 403
60171 39049 340
535894 531304 377
39463 9216 324
867 47455 324
80487 38497 351
371353 373906 348
95030 85513 333
47794 84881 351
211937 211220 311
29112 77533 351
167768 165790 352
600780 602514 403
106246 92390 354
10771 93354 351
397239 394629 405
112053 100772 354
343700 349963 441
11178 59099 340
57852 11443 340
61799 55060 335
19477 102499 351
224088 226547 368
53 87985 351
35450 69441 340
96322 83557 333
63091 103995 351
230747 227122 443
297198 298655 327
31964 93359 351
35976 17206 324
458258 455028 356
97880 32562 351
84759 63961 351
895169 889896 370
78455 33209 351
17927 88748 351
75518 97856 351
66856 55675 335
925769 926244 326
106946 104829 354
144508 146350 295
36085 16326 324
31829 48307 324
1358 42553 324
25019 44949 324
343149 343514 335
84217 94012 333
133863 133037 313
11483 41067 324
76371 73046 325
179200 173279 347
71919 55070 335
99600 106641 354
598956 600402 372
3343 35866 324
678332 676081 336
87130 97589 333
573010 571389 372
77092 56261 351
760839 762989 362
75101 85314 351
25043 79267 351
31028 44061 324
17753 31982 308
59879 19706 340
690087 692822 442
897955 899451 370
96005 40117 351
203559 202786 311
108793 23746 354
22129 11501 279
64170 89055 351
598264 601174 372
97647 6913 351
300992 295288 371
83100 30682 351
175085 172529 347
229207 232843 443
74347 37264 340
771924 772695 362
29688 96079 351
50573 72258 340
895263 899794 370
38528 21054 324
29196 627 308
65662 40713 340
357719 343945 441
27816 17876 308
174263 184093 365
81371 109014 354
14303 102867 351
34556 42891 324
25297 84263 351
122132 133209 344
35431 60742 340
132368 118621 344
58247 83410 351
186344 184973 329
38080 105015 351
181527 176997 365
6773 64625 340
47778 70864 340
173803 172638 347
836647 836048 313
22218 81369 351
58127 41910 340
63075 43094 340
11695 56093 340
987708 991348 352
259810 267308 407
18692 34650 311
4546 87976 351
101816 1864 351
117535 121874 336
57294 95685 351
41503 66198 340
56190 109397 354
44433 29115 324
111618 113173 323
39050 9048 324
721630 721354 274
126248 131279 344
95732 30772 351
20901 112592 354
61931 61700 286
31952 7134 308
52508 83186 351
14202 22915 279
62279 76486 330
13073 36569 324
879614 881599 344
83670 25336 351
79814 101142 341
694010 692172 367
72804 79758 351
149533 148916 295
75709 105424 351
672075 673804 367
42379 27935 324
79388 32514 351
51028 8776 324
204709 205132 280
31206 48097 324
177496 177070 334
28097 103179 351
54544 12290 340
18772 86238 351
68322 66453 312
47909 86659 351
462308 461886 369
22337 55169 340
88875 93497 333
232606 234835 381
603266 596090 403
105592 6755 351
64863 20896 340
357124 353012 379
48478 95969 351
201218 200527 298
24953 101143 351
67608 105053 351
45054 86648 351
744817 740684 362
142083 142453 300
32789 96126 351
85172 76810 351
180785 176547 365
597977 590118 403
453708 456678 338
48865 52096 309
43272 15438 324
97817 70525 351
72077 61738 330
97866 77035 338
78363 89440 338
59305 90634 351
722029 722253 318
45929 30574 324
51828 96414 351
22077 93932 351
87901 47843 351
16085 87332 351
6506 60403 340
52515 83003 351
68487 34641 340
106264 3623 354
452684 449227 387
839631 839402 388
27290 93940 351
62403 61092 317
10056 94695 351
357291 357597 273
20925 73692 340
30045 51037 324
9202 4250 262
228760 237750 443
8074 58900 340
450488 448828 369
329693 331153 353
