1 10 20
100 200 125
201 210 89
900 1000 174
44 80 116
91 11 116
29 84 116
6 11 20
71 94 116
52 79 116
69 79 116
62 61 108
8 95 116
39 32 35
90 94 106
44 13 112
71 98 119
59 29 113
32 35 27
93 21 116
78 9 116
91 25 116
55 51 113
89 60 116
90 69 116
110 70 119
130 957 179
847 406 171
422 155 144
724 508 171
494 651 145
288 311 118
763 847 153
592 759 171
290 152 128
420 986 179
344 381 126
970 49 179
537 101 144
65 641 144
369 641 142
925 429 179
40 435 144
557 568 106
67 518 144
193 264 128
840 408 171
47 61 113
582 423 142
527 403 142
7779 2705 262
1852 2547 209
2260 2044 183
6225 6957 257
3510 1786 217
6068 619 238
1114 9372 262
2899 1275 209
3024 3258 199
630 3590 217
3041 5163 238
2558 3278 217
3089 7919 262
1856 9302 262
266 4933 238
6722 7752 257
2472 668 209
9013 8790 247
1491 3606 217
6294 6614 244
7156 6007 262
3972 5674 236
5216 3375 238
7502 827 262
1114 6160 238
24756 36046 324
40645 45398 314
13460 40058 324
36191 44710 306
59611 90619 351
55857 84159 351
2122 37104 324
69652 44651 340
99376 88092 333
46785 76012 340
12566 70915 340
56627 10682 340
89082 56548 351
95231 25443 351
484 35307 311
21869 33953 308
59642 38710 340
89131 73976 351
78618 24508 351
93736 20087 351
56892 45357 340
65623 87723 351
85764 33161 351
72705 64217 325
77444 77567 214
794727 793774 331
70953 75023 325
54412 111922 354
84232 44928 351
163260 162163 339
66395 82613 351
59161 46655 340
682578 683336 305
173182 177503 347
668983 667794 323
294908 299450 371
29654 40528 324
159041 158603 308
445939 450014 369
109211 48334 354
2 91782 351
49630 11421 324
91930 23418 351
744835 739532 393
746092 740082 393
88040 94108 333
50302 52582 340
889911 891511 339
126723 119317 336
82946 13622 351
905 45336 324
40 68277 340
886 98393 351
360 97529 351
611 21632 279
338 46769 324
745 102173 351
192 12186 268
525 21154 279
653 3280 217
328 77785 351
398 105550 351
590 35720 324
903 55626 340
22 3828 238
445 9579 262
937 35237 311
40 106602 354
140 35978 324
13 32596 308
75 46961 324
819 85186 351
386 69455 340
286 75848 340
708 94722 351
3 3350 217
1 64045 340
8 23646 282
4 47417 324
4 79927 351
3 62450 340
1 34577 311
4 112094 354
9 80527 351
3 95908 351
9 17647 279
5 94795 351
8 30334 308
7 85809 351
7 85907 351
8 21151 279
7 19968 279
4 42544 324
9 40874 324
8 13343 276
3 89372 351
7 112408 354
9 29814 308
7 66226 340
5 29741 308
6 55071 340
2 9936 262
2 101884 351
6 67704 340
7 83225 351
5 49717 324
9 77491 351
4 42474 324
6 63557 340
3 82435 351
9 103513 351
6 12083 268
8 26341 282
2 72946 340
1 43150 324
7 106591 354
4 14116 276
7 19302 279
6 100570 351
6 75816 340
8 11272 268
9 108917 354
9 103392 351
5 111431 354
2 32715 308
