110601 36518 354
529279 525311 408
45049 94263 351
383855 386284 348
276044 273655 358
593479 596082 328
79080 55745 351
68319 86423 351
125399 122441 331
32368 100709 351
50074 15447 324
90339 5628 351
661013 657366 398
86151 90270 333
60407 95985 351
64136 64389 299
108965 46565 354
49283 100440 351
50628 12481 324
141406 139525 344
332280 326350 353
63290 95566 351
682543 682248 305
16147 91839 351
11169 96677 351
219855 215658 386
18545 65381 340
112217 68906 354
343391 354794 441
13967 17100 271
11865 1702 268
64806 46297 340
66491 83682 351
251459 250168 332
437606 438750 400
81181 74473 351
111181 93112 354
27682 92461 351
822036 819600 450
97483 12609 351
68625 111814 354
80039 98624 333
64924 94312 351
741747 738355 424
75090 18636 340
353009 358091 379
87702 51839 351
80200 66252 351
769177 765548 468
35168 27481 311
14396 68530 340
56167 43889 340
104789 100615 310
22177 111807 354
607146 608011 341
879093 878192 326
5148 36184 324
108772 110017 310
468744 472274 351
85232 84394 289
438480 445632 400
92611 27765 351
104268 89429 341
681218 684607 380
19877 64856 340
110628 101298 354
97840 93925 328
28650 112895 354
744009 738516 424
569068 568622 359
29562 88594 351
9189 68255 340
100539 26482 351
22773 9452 279
101277 35389 351
37711 74830 340
36002 54676 340
38629 56025 340
78911 3274 351
64657 112975 354
17259 94610 351
70207 783 340
68608 37991 340
119408 115563 336
76449 88428 351
12288 74300 340
85720 97011 333
90189 51491 351
142143 146070 375
671 103544 351
50946 26180 324
31782 41613 324
466519 459811 444
21802 37168 324
1726 58645 340
30780 100180 351
101594 9875 351
743898 738834 424
106161 26394 351
954667 955073 383
2905 94729 351
791518 794309 437
150696 150563 295
475271 470528 382
123420 131028 344
14812 110897 354
78840 95971 333
32334 28914 285
83219 46618 351
968331 968324 246
49093 94570 351
46444 67898 340
49632 4398 324
172784 172471 303
188668 190763 360
97017 389 351
10491 86910 351
65766 45810 340
20871 10781 279
70823 56454 335
351042 355212 379
94943 49293 351
11423 52641 340
76260 90884 351
92021 23161 351
55115 69295 335
37724 36541 306
19617 96724 351
91266 37975 351
109981 16631 354
7478 2715 262
91515 42999 351
41523 65254 340
11875 71334 340
51887 25643 324
38089 28185 324
96124 21672 351
18560 77843 351
290828 301795 371
92126 31245 351
58195 68607 335
121593 130274 344
253579 249085 332
164038 164050 184
123261 133557 344
9965 2309 262
46232 25600 324
83276 74102 351
371566 376234 361
102210 99133 341
71942 22626 340
55504 85625 351
41029 101562 351
19688 102510 351
78602 72917 351
211950 210784 355
62160 74961 330
337197 325063 366
369539 373549 392
30543 107477 354
890565 898510 370
247537 247870 319
112 22014 279
106786 73786 354
764301 764453 238
60555 112042 354
754390 755045 318
10145 103566 351
51459 108366 354
99003 2466 351
54279 89494 351
17906 89862 351
572397 573534 372
51774 61874 340
43379 93821 351
128628 125555 331
84509 19839 351
32760 30437 285
74357 13889 340
353786 345992 379
61309 76231 330
83818 32242 351
474844 475784 351
55861 13838 340
39409 76136 340
74745 21554 340
72815 81586 351
26057 20643 282
165586 169448 352
97954 88699 333
536316 532262 377
57435 28212 340
110313 10611 354
3821 112115 354
1 113382 354
191336 201568 360
999168 999999 396
1 1 1
886954 889832 401
997824 999166 396
