1 10 20
100 200 125
201 210 89
300 400 144
400 500 142
500 600 137
600 700 145
700 800 171
800 900 179
900 1000 174
1000 1100 169
1100 1200 182
1200 1300 177
1300 1400 177
1400 1500 172
1500 1600 167
1600 1700 180
1700 1800 180
1800 1900 175
1900 2000 175
2000 2100 157
2100 2200 170
2200 2300 183
2300 2400 183
2400 2500 209
2500 2600 178
2600 2700 191
2700 2800 173
2800 2900 173
2900 3000 217
3000 3100 186
3100 3200 199
3200 3300 168
3300 3400 181
3400 3500 181
3500 3600 194
3600 3700 207
3700 3800 238
3800 3900 176
3900 4000 189
4000 4100 189
4100 4200 189
4200 4300 202
4300 4400 215
4400 4500 184
4500 4600 184
4600 4700 184
4700 4800 197
4800 4900 179
4900 5000 210
5000 5100 179
5100 5200 179
5200 5300 192
5300 5400 192
5400 5500 192
5500 5600 236
5600 5700 205
5700 5800 205
5800 5900 218
5900 6000 187
6000 6100 187
6100 6200 262
6200 6300 187
6300 6400 200
6400 6500 169
6500 6600 244
6600 6700 182
6700 6800 182
6800 6900 182
6900 7000 257
7000 7100 195
7100 7200 195
7200 7300 177
7300 7400 208
7400 7500 239
7500 7600 208
7600 7700 177
7700 7800 221
7800 7900 190
7900 8000 252
8000 8100 190
8100 8200 190
8200 8300 190
8300 8400 234
8400 8500 203
8500 8600 203
8600 8700 203
8700 8800 216
8800 8900 185
8900 9000 247
9000 9100 185
9100 9200 198
9200 9300 260
9300 9400 198
9400 9500 198
9500 9600 198
9600 9700 185
9700 9800 198
9800 9900 242
9900 10000 180
1000 2000 182
5000 10000 262
15000 20000 279
20000 25000 282
25000 35000 311
35000 50000 324
50000 60000 340
60000 70000 335
70000 80000 351
80000 90000 333
20000 15000 279
10000 5000 262
2000 1000 182
1000 900 174
210 201 89
200 100 125
10 1 20
100000 110000 354
110000 100000 354
200000 201000 342
900000 901000 401
950000 951000 414
