1 1 1
1 10 20
39 9404 262
40 40 9
78 89 111
100 200 125
201 210 89
500 789 171
789 789 29
900 1000 174
1000 2000 182
8340 89039 351
30984 9480 308
5000 2000 238
40000 50000 314
50000 1 324
1 50000 324
894 79484 351
84798 8484 351
183 938 179
6578 38501 324
2948 9237 262
1985 3800 238
49894 1804 324
3904 29409 308
7509 39822 324
13808 480 276
90482 64704 351
67 4892 238
27 24 112
7937 2890 262
5674 16793 276
84 290 128
20 920 179
248 768 171
7602 8927 252
3482 4086 238
82974 2794 351
4524 6246 262
46 808 171
389 88 144
84924 48094 351
93 93 18
547 6287 262
40 50 110
68 78 116
456 987 179
12345 9876 268
250 350 144
675 875 179
99999 99999 227
7485 32189 308
78424 7097 351
234 732 171
4894 4892 135
13902 44950 324
6592 248 262
4903 5684 236
8404 691 262
2806 7028 262
4738 2806 238
37 83 116
28348 4894 308
7694 8472 252
849 7474 262
9731 8401 260
83015 7031 351
2475 1289 209
48 820 171
4679 7290 262
649 290 145
84027 7294 351
3707 37928 324
7891 8933 252
34949 7428 311
749 674 171
838 90222 351
1111 1113 138
900 8332 262
2333 3352 217
2341 1533 183
84210 9313 351
2903 29119 308
8228 3801 262
84 23 116
35 53 110
52 93 116
138 381 144
13 33 112
40 71 113
3851 1332 238
1753 3480 217
87 13 116
4389 642 238
8502 419 262
573 137 144
972 8794 262
6104 8491 262
61 39 113
783 694 171
