1 10 20
100 200 125
201 210 89
900 1000 174
2741 4629 238
3652 9275 262
6705 13906 276
12384 12840 263
13341 14421 258
17848 20181 274
12460 28522 308
15802 37954 324
22041 25568 282
21372 31799 308
34246 38409 324
35761 38510 306
29562 71838 340
25949 53085 340
52688 65204 335
56776 67484 335
31402 90670 351
54065 73717 335
49617 53131 340
46510 55165 340
58311 103537 351
68118 112679 354
53296 103488 351
113382 81787 354
75913 113382 354
134378 113384 349
138366 134380 344
151176 138368 375
134380 138366 344
151176 138368 375
151178 159486 383
161438 159488 370
161534 161440 215
161536 170074 352
184488 170076 365
191334 184490 360
119834 134378 344
134380 138366 344
151176 138368 375
159486 151178 383
135413 138366 331
138368 151176 375
159486 151178 383
159488 161438 370
161440 161534 215
212650 213102 311
226765 213104 386
226768 239230 443
239232 242158 368
242302 242160 213
245984 242304 337
245986 255112 363
258206 255114 345
268757 258208 407
302356 306022 340
306024 311326 371
436126 432924 356
437306 436128 387
437308 453531 400
453536 459034 356
459036 459758 307
459760 466990 444
466992 477792 413
478461 477794 351
478464 479482 338
479484 480480 351
491972 498686 426
502440 498688 426
502442 504056 333
504058 510225 382
510228 516413 470
516890 516416 289
516892 517190 302
479316 479482 276
479484 480480 351
480482 483590 382
484317 483592 307
484320 484605 214
485886 484608 320
485888 487038 382
488166 487040 382
552294 545184 452
553467 552296 315
581501 580968 328
581504 581882 297
581884 583078 328
588542 583080 434
589438 588544 297
604707 589440 403
604711 604712 67
604714 606846 341
606848 608110 341
612045 608112 359
612048 612966 310
612968 620970 447
620972 622653 372
698592 695068 367
698594 699048 274
699050 700486 367
704510 700488 411
704512 704622 243
713574 704624 411
716688 713576 380
716692 717693 349
717696 719224 336
719226 720721 349
720724 723944 411
723946 725386 362
726056 725388 305
753664 755624 362
755626 756085 362
785917 782336 375
840701 839680 357
840704 841725 344
841728 844646 388
844648 847870 419
847872 849408 313
849410 850078 357
850595 850080 357
850599 851226 357
852411 851228 344
863797 861524 326
863800 865845 388
868990 865848 357
868992 870170 388
870172 871450 326
871452 872253 432
872760 872256 326
872762 872824 295
886954 889832 401
889834 901118 401
906174 901120 401
907063 906176 370
907065 907065 189
907067 907067 65
907072 907610 326
907612 910270 476
912166 910272 383
912168 917160 401
918069 917162 352
918072 919450 339
919517 919452 264
919520 920558 432
924906 920560 445
924908 927002 370
927210 927004 308
930042 927212 383
930044 931456 370
931458 931998 277
932000 932064 277
932066 933981 370
934942 933984 414
937598 934944 414
937600 939496 445
939498 940478 383
944638 940480 383
944640 945434 352
945790 945436 352
945792 946942 383
946944 951432 414
955584 951434 414
955590 955588 78
956923 955592 352
956927 957210 321
957630 957212 352
958965 957632 339
960961 958968 352
963822 960964 414
963824 967181 383
968635 967184 321
969211 968640 352
969215 971773 458
971776 974077 383
974080 975014 334
976333 975016 383
978942 976336 383
978944 980382 334
981286 980384 427
981856 981288 321
981858 981928 246
981930 983038 383
983939 983040 383
983943 983946 153
984622 983948 352
991934 984624 427
997022 991936 365
997024 997373 352
997376 997600 321
997822 997602 321
997824 999166 396
