1504 9552 262
76121 2139 340
53963 8068 340
91525 8889 351
80259 3075 351
61296 6541 340
96009 1979 351
57726 4240 340
62807 792 340
62637 2746 340
29662 7569 308
43361 3068 324
67710 2038 340
23793 4277 282
83458 210 351
65850 4394 340
68211 3540 340
24558 8950 282
31055 3950 308
9273 7799 260
12108 7293 268
93540 2979 351
25908 6853 282
13363 8040 276
56660 3799 340
95827 2967 351
90379 632 351
51649 3984 324
53294 8049 340
30048 4172 308
73233 1253 340
5007 9269 262
94654 9827 351
85380 7448 351
83997 4242 351
27912 1527 308
32845 1714 308
22249 7342 279
35196 4860 311
61254 3171 340
99888 2077 351
4021 3740 189
21499 7109 279
1909 9309 262
66139 9391 340
9280 1009 262
3863 1446 238
99019 4745 351
47288 8188 324
45488 6646 324
17502 4212 276
21170 3668 279
2699 5987 238
79605 4284 351
39013 9856 324
12519 2613 268
5337 16 238
81268 7867 351
36856 5831 324
75111 203 340
18264 4913 279
14895 1668 276
39046 3042 324
99768 3503 351
94754 6876 351
57659 9318 340
68718 2807 340
78334 9649 351
25119 2102 282
14796 7582 276
19422 5698 279
71955 193 340
59670 7145 340
32373 3501 308
87496 9435 351
16713 4565 276
7937 1556 262
65719 9092 340
50921 507 324
98919 7095 351
7293 6287 257
40242 5509 324
74847 276 340
67177 1975 340
81017 9123 351
7613 3055 262
57976 7329 340
69338 8290 340
52057 8075 324
95869 3079 351
60961 5540 340
18918 9063 279
45698 8837 324
12628 8079 268
41772 8086 324
66985 4157 340
6048 8803 262
19128 4523 279
32635 5811 308
63855 2825 340
22832 7281 279
34321 1366 311
65643 7064 340
7662 3571 262
60077 7263 340
59993 4469 340
48019 926 324
13346 723 276
55736 3460 340
87132 3160 351
55835 2601 340
79394 7649 351
6589 6408 213
47475 5855 324
831 7243 262
77526 9768 351
79560 6182 351
48967 8569 324
63912 7375 340
42415 83 324
357 6633 262
95979 2957 351
56539 8793 340
52585 5773 340
20913 8457 279
64422 3022 340
98555 3251 351
66208 6086 340
37656 7676 324
91891 2088 351
59778 3609 340
15854 7951 276
99639 3487 351
33788 7123 308
50229 5576 324
74354 9274 340
99859 3034 351
10049 3031 262
121 5330 238
98089 993 351
57954 1525 340
65105 6893 340
32427 3541 308
92359 5406 351
13320 8816 276
13629 2469 276
49139 4834 324
67706 8878 340
62255 6626 340
89980 213 351
4407 5125 210
56501 8509 340
25259 1988 282
29753 2639 308
52770 8708 340
76169 5674 340
19867 9006 279
96740 9569 351
99337 3858 351
38326 1868 324
23697 2430 282
90406 1804 351
69298 4620 340
48812 1972 324
68889 5966 340
12440 5564 268
7079 1727 262
49541 7543 324
38501 4948 324
54624 7920 340
