590 879 179
877 413 179
368 816 171
313 722 171
892 232 179
615 794 171
543 864 171
14 870 171
372 195 144
345 873 179
216 272 128
518 600 137
138 189 125
772 317 171
474 868 171
747 767 153
180 64 125
880 977 174
699 900 179
133 545 144
691 943 179
160 748 171
970 586 179
782 174 171
399 342 126
967 479 179
79 967 179
508 485 142
803 218 171
438 281 144
48 277 128
693 538 145
515 580 137
481 925 179
470 214 144
510 966 179
66 513 144
100 670 145
196 36 125
730 234 171
713 596 171
915 697 179
183 145 125
715 424 171
705 986 179
615 153 144
691 105 145
37 660 145
585 206 144
773 870 153
188 407 144
920 635 179
657 254 145
642 20 144
254 853 171
801 373 171
422 320 144
465 717 171
141 605 144
943 180 179
685 198 145
655 910 179
570 377 142
935 692 179
915 507 179
914 60 179
695 103 145
710 187 171
559 352 142
558 352 142
77 814 171
486 359 134
428 500 142
457 951 179
483 569 142
119 753 171
663 168 145
545 774 171
819 586 171
445 833 171
245 734 171
189 712 171
899 941 174
645 899 179
604 458 142
624 555 132
267 681 145
533 110 144
413 695 145
617 991 179
744 896 179
65 736 171
863 759 153
697 962 179
795 34 171
768 143 171
855 393 171
334 309 144
561 754 171
564 331 142
