81094 69261 351
80610 36455 351
68837 48140 340
78665 81598 338
36072 61656 340
9582 44964 324
91968 50553 351
62226 47622 340
29632 66962 340
93725 11941 351
57615 91160 351
43751 14260 324
64297 87902 351
96386 39836 351
61907 971 340
78087 44638 351
89401 33677 351
92732 13752 351
96517 455 351
31807 78529 351
16446 65094 340
34802 94958 351
11867 4113 268
60035 68439 335
97218 42239 351
2838 34132 308
29666 66850 340
70897 74112 325
27177 23745 308
46020 91520 351
63331 17923 340
69907 48989 340
86832 13447 351
34785 46540 324
63072 13233 340
57402 54831 322
39629 77599 351
83038 57653 351
22965 27673 308
43493 13372 324
24211 51783 324
42387 64983 340
48697 48444 265
92698 44650 351
38124 39472 275
81190 22002 351
22748 89868 351
28489 77058 351
84095 88959 333
40484 92264 351
73929 99597 351
60878 36494 340
72041 92518 351
13220 31388 308
6915 65749 340
10285 570 262
65381 24623 340
35049 78067 351
29481 37419 324
98934 67510 351
80326 67473 351
74782 63766 325
72627 8907 340
23456 94769 351
32122 86712 351
13913 22702 279
56916 10943 340
81679 85663 320
62438 54273 335
61946 34822 340
696 11623 268
81231 99924 333
15758 42586 324
42602 93005 351
10757 13362 276
85720 26791 351
57707 95142 351
71935 85680 351
98043 28834 351
97226 91279 333
41780 72439 340
49908 69571 340
74422 35308 340
11056 28009 308
24504 76530 340
52499 75545 340
44520 77109 351
87999 35983 351
9216 77934 351
62476 94023 351
26913 22037 308
66421 32769 340
8559 25172 282
34621 26821 311
18281 89495 351
74428 97792 351
40515 48576 314
94730 35148 351
52002 45175 314
22438 11885 279
