289384 930887 476
692778 636916 442
747794 238336 470
885387 760493 468
516650 641422 452
202363 490028 449
368691 520060 470
897764 513927 468
180541 383427 443
89173 455737 449
5212 595369 470
702568 956430 476
465783 21531 449
722863 665124 442
174068 703136 470
513930 979803 476
634023 723059 442
133070 898168 470
961394 18457 476
175012 478043 449
176230 377374 443
484422 544920 470
413785 898538 470
575199 594325 434
798316 664371 468
566414 803527 468
776092 268981 470
759957 241874 470
806863 999171 476
906997 497282 470
702306 420926 470
477085 336328 449
660337 126506 470
750847 621730 442
661314 925858 476
616125 353896 470
819583 100546 470
898815 233368 470
515435 990365 476
344044 313751 384
171088 426809 449
117277 947179 476
695789 393585 470
705404 502652 470
392755 612400 470
999933 95061 476
549677 993369 476
947740 210013 476
636227 698587 442
348095 297540 441
140796 480571 449
651435 960379 476
97468 66602 351
710098 612903 447
573318 570493 372
926653 260757 476
997302 560281 476
724287 209442 470
953866 429690 476
228445 346620 443
558441 744730 447
958032 108118 476
738098 905772 468
834482 890676 432
120710 698928 470
704568 777857 468
179498 872354 470
254587 276966 407
455307 964684 476
406220 28625 443
51529 332872 443
805733 48830 470
409504 530020 470
258271 363369 441
959709 486716 476
226341 518150 470
747797 700724 424
142619 2246 375
122847 493452 449
892922 243556 470
192380 597489 470
537765 888229 468
469842 792351 470
165194 441501 449
757035 87765 470
470125 324915 449
936988 275857 476
373744 346492 392
322228 148366 443
709860 281937 470
151433 452552 449
316438 899229 470
153276 975408 476
901475 276122 470
468859 794396 470
36030 661238 470
908236 573794 468
65819 894429 470
366144 231012 441
335929 639530 470
318777 322405 371
964444 255764 476
114614 854539 470
118607 436841 449
2905 344819 443
235129 670689 470
797370 67918 470
569918 466997 470
43325 987744 476
259471 512184 470
298491 295500 327
689773 206726 470
385645 755591 470
617506 268140 470
502955 469787 426
907670 338083 470
308543 388465 441
110198 939508 476
759356 228805 470
376349 278612 441
573623 127829 470
949300 887344 476
195747 35569 383
354341 755423 470
23312 613811 470
267606 321802 389
425662 473731 444
44879 811306 470
229321 178737 386
79445 248627 443
648523 503466 470
586709 473417 470
408283 213259 443
412925 167638 449
442063 305625 449
962601 532037 476
433453 911900 476
419380 145551 449
947469 290072 476
900974 487132 470
903882 684931 468
808934 845895 450
158661 370164 443
657200 387982 470
548900 252997 470
152960 713774 470
272814 739669 470
187191 681096 470
952927 116467 476
365085 911341 476
