2244 1697 183
2909 1751 209
2196 2466 209
3305 2848 217
10643 10233 255
6890 8437 257
9072 9767 260
3228 4591 238
3452 3495 181
3883 5307 215
4527 5362 210
8785 9435 260
7391 6965 208
6642 7660 257
1802 384 182
11496 11338 206
2476 1732 209
4141 2874 238
8340 8730 234
6671 8202 257
5126 5817 236
9771 8707 260
3950 3495 238
7258 7481 239
9669 10504 255
9478 9119 260
4624 5124 210
685 810 171
7874 9271 260
10418 9887 255
10005 10392 242
6853 6041 262
9274 10757 255
11267 10441 268
7482 7058 239
1783 2171 175
11066 10573 268
7001 6757 257
6022 6345 262
5911 5415 236
6127 6201 262
5961 5681 218
4848 4301 215
442 791 171
8482 8541 203
11253 9991 268
5994 6580 262
4114 3152 238
10288 9931 242
202 1349 182
1578 946 182
1490 922 182
2396 3228 217
7592 7976 252
8555 9749 260
10466 10558 193
5308 5167 192
2224 2069 183
10260 9932 242
4124 3731 189
3097 3861 238
8793 8611 216
4129 3979 189
3741 4503 215
2814 3252 217
2461 3192 217
6901 7049 257
3678 3387 194
5111 5115 135
4687 3405 238
9089 10802 260
9993 8272 260
7818 8646 252
6975 7345 195
1475 2685 209
6787 7337 257
1643 1594 167
1739 1683 180
3035 4892 238
2198 2598 209
1736 1590 180
4027 4545 215
2168 1286 180
3234 2727 217
8149 6683 257
10178 9466 242
6856 6062 262
10942 10788 206
6532 6001 262
1604 2497 209
4928 4945 197
3385 1966 217
5484 6005 236
4872 4570 197
7674 7945 221
1976 832 182
7922 7478 221
11287 10607 268
11550 11185 237
2108 1187 180
6717 7231 257
3070 2552 217
9753 8953 260
2580 2486 178
8992 8359 247
7173 5811 262
4638 3978 215
11376 11283 206
9989 9022 260
7352 6691 257
4231 4283 202
7370 6045 262
6642 6836 182
1718 1420 180
3078 3061 155
9740 11463 268
7661 6543 257
2929 3148 186
7935 8030 252
3047 3306 199
