81008 89952 333
37323 93294 351
77586 106398 354
2991 20070 279
62568 69281 330
51151 107860 354
42284 61352 340
325325 338503 366
4529 5288 210
59659 107238 354
31175 51275 324
97779 108825 354
145666 150141 370
27261 86746 351
1745 5334 238
35394 59404 340
24738 109447 354
972698 973672 383
67292 82679 351
43557 87422 351
877735 882274 357
291472 293312 358
39869 74734 340
437908 441522 400
2875 90459 351
177453 183259 365
43974 73902 340
2607 110398 354
592550 602705 403
56515 65949 335
14115 18965 279
54601 93677 351
14114 39990 324
1708 37810 324
116323 119478 336
23367 45678 324
27310 93315 351
127187 130615 344
691749 694523 442
59104 92680 351
21917 81639 351
262929 263614 407
71209 85574 351
52872 69126 335
1998 39160 324
25086 76507 340
24538 68977 340
533550 535565 346
352436 353493 335
61639 110209 354
834442 836659 344
6719 59128 340
596509 598126 372
672593 677518 385
83936 110479 354
30768 87869 351
594407 595208 297
70884 86704 351
48193 107467 354
65596 76585 325
2116 83761 351
11751 96157 351
520477 520592 209
3741 97543 351
91057 99934 333
87871 100777 341
50972 57673 340
102695 105489 341
83262 87977 333
31377 99669 351
913312 913640 357
982019 983019 383
326872 336555 366
22735 27149 308
683313 684640 380
53487 111194 354
11721 66735 340
1283 21618 279
23143 49901 324
323424 335951 384
14367 36886 324
293201 300191 371
39188 56746 340
16794 71997 340
19246 66899 340
46676 96953 351
15540 46705 324
600657 601577 403
596103 598544 372
26934 75178 340
28354 38394 324
23165 35823 324
7016 9930 260
471 11129 268
15621 31228 308
51620 109772 354
218804 224748 355
596960 604365 403
3451 73026 340
8037 77635 351
