977964 419484 525
244182 649340 509
245711 3439 443
761949 327404 509
604089 830709 509
656164 110568 509
277343 749816 509
69378 929035 525
548174 992784 525
597935 56874 470
232837 983212 525
94433 208296 383
237036 648703 509
456693 865261 525
18505 784113 509
943049 233680 525
67876 640261 509
947366 942251 383
325018 710931 509
980086 410480 525
790832 897692 525
669080 154584 509
819282 941390 525
545230 86100 470
599962 6056 470
201717 374449 443
666596 903289 525
712121 911522 525
883420 776608 525
512501 543716 439
329791 847671 525
545329 609619 452
475851 678588 509
514186 521570 439
727205 729544 362
811012 520657 509
41 842747 525
317433 951242 525
557597 625499 447
30528 233064 443
87881 103484 341
408774 105750 443
178509 502574 449
114617 239966 443
819387 856890 525
425612 790595 509
55632 21944 340
530194 779686 509
680471 275517 509
685527 248195 509
455985 337834 449
753006 709827 424
229109 986680 525
117960 750289 509
857379 724254 525
139998 224356 386
23624 980972 525
967795 501330 525
30817 330395 443
477252 926178 525
439072 314945 449
42975 871887 525
56452 668772 509
820302 856852 525
50836 713409 509
658620 186206 509
2585 823983 509
765178 308356 509
626374 112344 509
396737 545875 470
79457 565534 470
211550 990141 525
854609 135517 525
892675 843486 445
678921 740664 504
446803 540541 470
553632 672468 509
211263 253032 443
692564 473326 509
464853 565129 470
251342 200174 443
963801 855540 507
464477 443460 444
365816 586984 470
683000 494063 509
319297 257371 407
123335 724775 509
820924 830679 419
798352 203567 509
813318 693279 504
340716 161813 443
346676 807816 509
30508 713183 509
770417 634198 504
124965 634221 509
691149 42484 509
644306 683527 442
970421 918133 507
279444 96006 443
80537 223210 386
581057 10725 470
376171 954996 525
918853 350679 525
144279 361808 443
226079 34323 386
857659 559276 525
791638 360335 509
503113 245098 449
349982 498102 449
913579 7881 525
59450 168766 383
638227 217077 509
790113 502952 509
703806 352404 509
680618 408705 509
684149 133681 509
470844 265613 449
284971 863087 525
958679 152172 525
416287 511285 444
484174 731932 509
756755 64996 509
28978 52946 340
248539 461973 449
72735 166759 383
494707 831546 509
471178 663406 509
411998 450644 418
327051 692617 509
132130 533080 470
936920 893490 476
887493 959392 507
58404 721228 509
301228 710774 509
588999 583347 434
35640 922417 525
492108 576558 470
988352 215457 525
984759 489448 525
743417 337871 509
987604 504183 525
368829 755462 509
146761 281551 443
982029 591806 525
87442 765153 509
722114 603297 509
576268 702964 509
386295 802835 509
757981 791526 468
592866 374341 470
501450 70080 449
331548 761623 509
68631 538180 470
464111 728637 509
626173 140942 470
866675 760821 525
260155 397062 441
742710 644366 504
253013 293134 407
719143 919987 525
412752 667831 509
134749 706542 509
117124 714088 509
109760 886580 525
123940 143055 375
425763 307806 449
656466 653539 385
672591 169245 509
59972 666764 509
950323 81971 525
282377 839675 525
311243 170882 443
42563 26701 324
415417 704231 509
402944 630590 509
346313 977451 525
226455 306633 443
871293 742692 525
257978 645322 509
754885 321278 509
916593 558662 525
948608 659935 525
623134 910767 525
696007 863535 525
540926 383897 470
164120 62783 383
506885 621069 470
936648 480211 525
526138 253470 470
645880 357723 509
283947 94711 443
629636 122339 509
830640 421258 509
565811 947350 525
895166 537945 525
231073 237984 381
581376 898319 525
794801 950909 525
540962 557305 452
791433 544170 509
