6079 12238 268
792 103425 351
525822 526857 408
80507 74980 351
219978 217840 355
67290 29982 340
59668 63423 335
73023 40137 340
600784 591451 403
35132 94952 351
601279 590795 403
83969 52458 351
111870 47728 354
90038 111342 354
4428 88963 351
90298 28041 351
76016 95837 351
34578 8097 311
594783 590663 403
253510 253734 332
41675 14714 324
72916 4049 340
265222 268660 345
25194 46249 324
74808 93267 351
26859 59300 340
782582 784552 331
443300 445319 338
68539 88713 351
33007 34762 311
38549 38227 231
86513 2191 351
111428 41432 354
27483 101582 351
91487 77032 338
32756 46515 324
139063 140829 344
664079 660871 367
112518 56236 354
898230 896440 370
3012 39796 324
760783 761051 287
67422 46567 340
80807 29414 351
69031 88277 351
98092 110613 354
947257 948729 383
14725 41015 324
94730 94361 315
22625 45146 324
96147 28738 351
75430 14027 340
40628 102717 351
555409 556701 359
45956 23877 324
105763 93142 341
2579 3624 217
382950 385357 330
104394 54403 351
50997 86499 351
61824 23737 340
603410 603128 279
66343 96656 351
93218 49632 351
39689 1721 324
413425 413821 374
87484 77137 338
83627 51398 351
7400 17465 276
58561 91942 351
20316 80289 351
178468 180006 303
101044 52704 351
83221 58640 351
450716 452754 338
28974 94859 351
72671 85660 351
47219 59236 340
372708 370678 348
72359 7887 340
62582 57386 335
664242 664946 323
314631 318283 353
15668 49610 324
565 49044 324
61121 45779 340
759272 762949 380
16198 73496 340
80920 83540 320
112058 99476 354
32507 52420 324
80267 16637 351
79557 98680 333
8586 53194 340
358276 351324 379
635824 636642 310
18766 49243 324
90965 6028 351
108067 94190 354
84901 84394 289
