264959 264973 164
228798 233654 443
144659 145425 264
63798 65733 299
31799 33199 267
178949 180279 303
598454 599669 372
502067 502191 426
48012 51491 309
343682 348028 441
941740 944392 352
91717 92063 240
672319 674334 367
91131 95654 333
960277 960311 233
732387 735168 349
554075 554434 421
29333 33469 285
824358 826992 344
204928 207537 373
327332 328245 322
96216 98286 297
609629 610925 341
461502 461538 232
948881 949155 277
11135 13358 276
721894 722818 411
390084 390308 299
329294 331456 353
64476 69342 312
293016 293893 358
176119 178307 347
41286 44333 288
512164 513332 333
910354 911785 339
773013 773216 256
951704 952005 259
387335 387531 255
593055 593190 297
680962 684474 380
792759 795610 375
90883 94361 333
49318 49691 296
21111 25895 282
75868 78127 351
104320 108066 354
223343 226275 368
504083 504487 364
234034 237760 381
292493 293716 358
368602 368787 286
989366 990682 352
93828 95670 328
219988 221851 355
70165 71359 325
884328 885201 295
55185 56854 322
355099 355172 379
792886 794561 375
71779 72482 263
520155 520905 333
450337 452021 387
514768 516246 395
370872 371522 348
481434 481679 351
818241 818529 344
977158 978206 383
708836 710077 336
159781 160764 370
494986 496848 320
100080 100855 341
598998 599412 372
771428 771752 256
798544 798938 300
760166 761670 380
345826 346813 441
812125 814063 375
920896 921697 339
591906 592761 403
189237 188116 316
192960 193837 329
99548 99884 328
451927 453262 369
9613 9941 242
631313 632084 279
495269 495997 320
29181 30617 272
932105 933902 370
670310 670991 323
550176 551874 377
44984 52545 340
1086 7600 262
13044 21907 279
84108 89957 333
21347 29652 308
893 2902 209
50893 57718 340
31908 36211 324
102280 110083 354
75215 84809 351
106171 112670 354
101092 102588 310
56206 59206 304
61174 62576 317
38128 47706 314
104836 112352 354
55396 56181 322
74542 78880 351
54313 57676 322
64597 71652 325
82565 96891 333
64270 80812 351
62260 89880 351
64295 74252 325
11827 32846 308
120862 123009 336
21891 30710 308
81314 85279 320
87861 101704 341
58687 47536 340
74288 84593 351
34856 45293 324
43632 69014 340
64617 93723 351
44228 53107 340
