119398 122670 336
7066 34749 311
669956 674547 367
326672 331729 353
6728 78035 351
3623 84748 351
6997 44558 324
31365 52495 324
45961 63068 340
467121 474903 413
124135 132408 344
225064 225236 231
46737 103132 351
4944 48637 324
325512 329723 353
63280 89437 351
325634 338740 366
43755 99569 351
82152 94046 333
526476 527534 377
91860 112639 354
49806 94735 351
12005 34383 311
584309 586159 359
590688 601984 403
25502 106873 354
18384 100849 351
7586 94443 351
6712 47514 324
921090 921802 339
2582 64648 340
116743 126223 336
27314 71868 340
170436 178889 347
4857 46525 324
124645 124992 256
20243 22312 269
125801 132277 344
37929 111995 354
191787 194145 347
615105 616146 372
58300 61506 335
77382 98845 338
401082 401643 387
610678 611717 354
23669 92424 351
50750 64421 340
7001 112992 354
18028 22718 274
48209 89221 351
9720 49682 324
396601 401595 387
10939 110501 354
119221 130761 344
11881 82086 351
30656 33876 285
493097 493807 395
9437 49184 324
32753 41081 324
56041 111450 354
4306 36705 324
526731 528818 377
796899 803208 406
35799 59065 340
830640 831558 419
8470 73141 340
227911 236702 443
25320 74470 340
372900 376460 361
83613 100753 341
11528 62766 340
69623 112104 354
439410 448684 369
37903 59745 340
14485 27952 308
15831 78711 351
37403 47697 314
79742 87652 333
264903 267825 345
3450 5807 238
230790 239097 381
27759 63771 340
72513 78495 351
88655 98871 333
40933 107114 354
553885 553890 253
83070 83384 258
520259 520794 333
546414 548303 452
767 111995 354
16385 85693 351
56448 60447 317
832048 833026 388
345577 349876 441
11984 42522 324
96470 101167 341
8007 29490 308
11440 54311 340
45658 106800 354
75386 79661 351
18961 76323 340
24020 83408 351
468598 469076 351
195415 200043 360
39509 87622 351
73844 96648 351
64240 75872 325
63879 81381 351
806900 807084 238
17717 21404 274
26727 81154 351
71771 95482 351
66127 105003 351
83521 88943 333
7795 93824 351
364784 368441 361
329326 332100 353
471509 471525 126
14530 30436 308
31028 78039 351
64455 65801 268
952365 952522 414
46971 69178 340
79716 106695 354
1874 29854 308
53706 91633 351
876288 877451 401
288873 289801 345
2943 96027 351
232272 232325 231
62776 113315 354
532213 536658 377
46308 99570 351
417 3705 217
332211 337949 366
26349 33208 308
863098 863227 313
24865 26746 308
338583 339708 291
20007 62350 340
682982 685236 380
8566 105910 351
18528 28427 308
89920 91672 333
25247 45048 324
59843 94602 351
74863 104353 351
47269 55961 340
42503 71591 340
23570 38589 324
470956 476621 382
670228 673561 367
39041 107347 354
518 111588 354
35694 104560 351
247087 253647 350
30043 63326 340
1518 15405 276
86759 91679 333
73662 88026 351
60631 88594 351
68769 78889 351
49588 109006 354
217769 221975 355
53230 84923 351
42118 82029 351
3772 107075 354
3549 27616 308
519322 520485 364
41001 70984 340
488474 491828 351
271566 276033 358
43330 104052 351
13944 96435 351
350099 356844 379
25841 50763 324
327423 332099 353
20694 32797 308
617195 617645 328
293361 302298 371
22107 73947 340
295600 297779 327
22289 61160 340
52011 78494 351
85449 104059 341
546734 551069 377
393238 397501 405
28162 81335 351
9343 77823 351
394258 401808 405
292617 299128 371
20033 40174 324
403591 403890 343
73718 108712 354
73766 74903 325
20471 24823 282
411021 413202 343
493843 498165 351
673008 677457 385
32766 50782 324
