138368 151176 375
151178 159486 383
159488 161438 370
161440 161534 215
161536 170074 352
170076 184488 365
242304 245984 337
245986 255112 363
255114 258206 345
258208 268757 407
268760 270270 345
270272 276733 363
276736 280574 389
280576 284136 358
284138 287002 376
287004 288614 389
288616 290750 345
290752 302353 371
302356 306022 340
306024 311326 371
311328 318973 384
318976 319654 322
319656 322877 371
322880 323069 216
323072 340149 384
340152 358344 441
358346 358846 348
358848 360360 348
360362 363238 366
363240 363454 211
363456 368977 361
368980 376830 423
376832 378042 361
425300 426205 356
426208 430504 374
430506 430760 219
430762 431898 325
431900 432922 387
432924 436126 356
436128 437306 387
437308 453531 400
453536 459034 356
459036 459758 307
459760 466990 444
466992 477792 413
477794 478461 351
478464 479482 338
479484 480480 351
480482 483590 382
483592 484317 307
484320 484605 214
484608 485886 320
485888 487038 382
487040 488166 382
488168 491969 351
491972 498686 426
498688 502440 426
540544 542958 364
542960 544040 359
544042 544542 302
544544 544858 315
544860 545182 209
545184 552294 452
552296 553467 315
553472 559784 421
559786 561149 359
561152 565246 421
565248 566718 359
566720 567064 359
567066 568273 359
568276 574005 377
574008 574346 315
574348 575864 328
575866 577229 390
577232 579326 359
579328 580966 328
580968 581501 328
581504 581882 297
581884 583078 328
583080 588542 434
588544 589438 297
589440 604707 403
637058 637947 354
637951 639309 354
639312 640640 354
640642 645755 416
645760 646139 310
646143 647848 323
647850 649384 385
649386 650888 341
650890 654190 385
654192 654570 292
654572 654618 248
654620 655358 323
655360 655960 385
655962 656414 354
656416 665066 429
665068 665214 248
665216 666110 398
666112 667374 323
667376 669920 336
669922 680299 385
680304 687870 398
687872 688552 261
688554 689638 336
689640 695066 442
695068 698592 367
698594 699048 274
699050 700486 367
700488 704510 411
704512 704622 243
704624 713574 411
713576 716688 380
716692 717693 349
717696 719224 336
719226 720721 349
747292 748030 362
748032 748200 318
748202 750830 393
750832 753661 424
753664 755624 362
755626 756085 362
756088 757697 362
757700 763674 380
763676 765339 362
765343 769640 468
769642 774621 393
774624 775336 437
775338 775786 300
775788 777434 393
777436 777437 163
806284 807406 406
807408 809128 331
809130 810813 406
810816 814438 375
814440 815870 357
815872 816059 344
816063 816814 344
816816 817288 313
817290 817774 344
817776 822138 450
822140 823782 375
823784 824186 251
824188 827390 375
827392 827960 419
827962 828442 282
828444 829086 313
829088 830203 375
830208 833774 419
833776 837798 344
837800 839677 388
839680 840701 357
840704 841725 344
841728 844646 388
859136 859718 295
859720 861008 357
861012 861520 313
861524 863797 326
863800 865845 388
865848 868990 357
868992 870170 388
870172 871450 326
871452 872253 432
872256 872760 326
872762 872824 295
872826 874613 388
874616 874618 158
874620 882814 432
882816 884158 370
884160 886206 370
912168 917160 401
917162 918069 352
918072 919450 339
919452 919517 264
919520 920558 432
920560 924906 445
924908 927002 370
927004 927210 308
927212 930042 383
930044 931456 370
931458 931998 277
932000 932064 277
932066 933981 370
933984 934942 414
934944 937598 414
937600 939496 445
939498 940478 383
963824 967181 383
967184 968635 321
968640 969211 352
969215 971773 458
971776 974077 383
974080 975014 334
975016 976333 383
976336 978942 383
978944 980382 334
980384 981286 427
981288 981856 321
981858 981928 246
981930 983038 383
