1 10 20
100 200 125
201 210 89
900 1000 174
22202 6885 279
12159 9069 268
11913 8562 268
35385 9067 311
46898 75716 340
452 14578 276
292 10712 262
1000 12 179
48702 2843 324
13527 19434 279
52998 17664 340
67402 2664 340
8649 75261 340
13890 58757 340
24549 39233 324
111 214 125
1863 29696 308
1251 15230 276
10549 11166 268
10759 5100 262
3256 136 217
11644 73006 340
2317 19915 279
20467 10152 279
33213 1861 308
35063 25394 311
17202 35699 324
35515 37175 324
72066 46849 340
72975 23319 340
88611 44402 351
40419 9210 324
39627 15818 324
13642 5496 276
8148 81809 351
40819 24546 324
45323 5201 324
8752 1174 262
703 15169 276
38759 43326 306
31135 218 308
18532 75136 340
35105 16465 311
8706 53634 340
33930 68630 340
27504 20650 308
208 1367 182
49302 2541 324
8179 27194 308
56043 45098 340
6359 63195 340
21241 22978 269
18689 1984 279
8891 47782 324
1394 41693 324
8678 64473 340
40096 6648 324
90979 9226 351
9931 1924 262
505 43458 324
1023 39238 324
30373 5827 308
30789 15316 308
66679 6700 340
12022 2585 268
1415 40860 324
1615 14072 276
29394 3415 308
3954 10702 262
2698 787 209
32416 851 308
43246 1404 324
2006 39184 324
8066 25482 282
4960 33138 308
11409 19358 279
9831 14851 276
2520 6338 262
23070 51777 324
68328 13631 340
2501 17619 276
943 17404 276
30863 4483 308
20818 688 279
11848 23652 282
43719 12681 324
3729 28787 308
16640 9445 276
2808 17327 276
61101 3402 340
16995 4784 276
807 4734 238
35203 31839 311
32060 1335 308
18889 51469 324
19234 12707 279
20265 5303 279
65754 7271 340
48055 65302 340
385 45330 324
12293 21906 279
35273 319 311
