1 10 20
100 200 125
201 210 89
900 1000 174
446945 446944 139
352582 352706 273
329474 329603 260
86728 86638 196
504211 504358 364
70809 70723 175
412160 412358 312
201968 201782 311
537538 537535 196
855614 855616 101
833441 833282 344
947817 947843 215
680533 680619 292
544822 544806 240
600971 600968 191
72503 72309 263
333450 333472 154
972541 972542 184
188510 188683 285
942717 942878 233
211398 211240 280
558295 558191 253
577597 577706 235
959731 959715 277
68404 68266 237
533727 533731 165
714502 714456 274
902653 902611 264
128678 128512 269
836903 836835 344
93978 93833 253
483790 483659 227
365383 365280 317
638296 638206 354
442508 442679 294
597283 597189 328
585308 585361 359
647511 647711 292
283626 283591 221
213717 213549 298
450505 450326 232
474491 474679 245
813083 813148 282
45350 45350 89
302248 302049 265
702819 702792 181
91019 91020 178
405519 405617 237
344580 344728 304
405045 404859 343
562217 562360 284
923441 923310 233
35069 34956 218
210123 210198 280
85872 85913 103
819597 819792 282
965510 965710 321
712625 712748 411
909837 909953 277
853892 853823 238
696190 696289 292
571670 571477 359
841286 841461 282
780497 780430 300
295592 295646 234
73603 73782 294
214530 214503 280
992253 992069 321
450570 450539 250
372625 372509 211
429203 429376 250
944552 944469 383
914741 914640 277
107816 107679 279
96894 96992 253
985708 985874 246
463055 463044 232
373319 373245 255
230339 230142 275
146733 146559 357
891903 891890 295
866172 866153 158
803638 803622 238
268199 268231 239
891464 891597 264
867363 867478 339
394534 394455 237
32454 32396 267
394040 393929 361
844395 844550 313
498960 499094 227
748638 748694 274
882587 882552 202
640293 640168 266
310299 310210 371
128539 128691 269
481189 481006 232
414400 414584 374
853235 853118 357
809629 809582 300
89568 89382 271
148862 149048 295
961421 961341 246
938605 938498 246
949439 949298 246
235842 235646 231
453566 453724 294
806538 806496 194
840571 840632 282
611586 611719 235
823024 823061 220
553303 553377 240
883532 883606 233
900555 900734 295
376208 376400 255
162383 162217 321
153262 153348 264
656984 656945 248
856464 856568 375
901938 901739 277
362212 362030 242
33315 33432 236
922799 922659 264
463891 463995 307
