9239 9276 260
340 2402 183
3105 6176 262
5286 5672 236
6506 9759 260
8317 1692 262
3165 3606 199
6778 9910 260
718 1111 179
2400 2957 217
2609 4229 238
8199 96 262
649 7819 262
1025 318 179
3062 2316 217
715 5267 238
2922 5796 238
1037 8507 262
1179 3134 217
5066 7675 262
4866 3113 238
173 1964 182
3500 7654 262
1938 7058 262
9074 2151 262
5290 4390 210
9378 7162 260
2945 1522 217
9826 1947 262
297 3898 238
9744 7152 260
2991 6338 262
928 2963 217
5339 1643 238
1063 4860 238
1480 1988 180
7771 2435 262
2498 5909 238
7710 309 262
4423 2648 238
7054 4643 262
5083 3943 215
1218 2680 209
6806 6663 182
2960 3924 238
1473 9960 262
984 8350 262
579 4023 238
42 5019 238
2033 3329 217
3319 9702 262
1742 6258 262
5155 6925 262
6466 3301 262
3778 8158 262
1393 448 182
9056 5780 262
6239 2588 262
1780 6581 262
2576 9182 262
1292 8113 262
3246 3239 168
8331 5029 262
5830 6952 262
1434 3931 238
1547 1192 177
8278 9164 247
1493 1592 167
139 9700 262
562 5148 238
3864 893 238
7868 9829 260
8397 4532 262
7274 7056 195
3876 7224 262
2206 3249 217
2009 9102 262
7414 4370 262
192 9370 262
6190 979 262
8152 8795 234
8063 102 262
6795 7970 257
3431 1338 217
7060 2264 262
2607 1329 209
5254 4280 215
2904 5542 238
3048 6274 262
5771 6716 262
4352 8396 262
1580 8567 262
2469 2694 191
8915 5590 262
1173 1917 180
3110 2942 186
4872 2327 238
296 8855 262
5595 8855 262
3289 7464 262
722 122 171
5944 9425 262
6810 6256 244
3457 9046 262
6286 3887 262
8235 8097 190
9817 2207 262
4869 8381 262
4142 4198 158
3412 8617 262
3031 3597 199
6415 5332 262
3219 9414 262
8135 7700 252
4964 919 238
49 236 128
9220 3933 262
34 2522 209
5879 7908 262
3679 2159 217
5172 7714 262
3275 7732 262
5771 7497 262
2172 7363 262
1474 6202 262
7980 7615 252
1565 6471 262
5294 196 238
4932 9787 262
4241 9926 262
7308 171 262
5992 1007 238
6801 3460 262
5443 5315 192
9452 341 262
3946 6175 262
7837 406 262
8954 1947 262
8755 1487 262
4684 4181 215
3140 379 217
1637 3549 217
2343 6492 262
6938 5915 262
2157 2800 209
7659 1667 262
9816 1925 262
6990 5164 262
7927 6012 262
6918 9863 260
7639 5239 262
6626 2997 262
5843 9254 262
30 642 144
9153 8403 247
5230 5521 192
1960 3584 217
3495 9873 262
2842 4495 238
4229 8937 262
7123 4864 262
8462 3283 262
7635 4681 262
8698 9237 247
8130 7149 252
3356 5137 238
57 6549 262
1791 3546 217
8040 6779 257
9048 1320 262
6265 1541 262
6046 6841 262
2837 521 209
3495 7787 262
8542 7752 252
5119 7632 262
7062 8212 252
1106 8442 262
4706 3240 238
1505 5967 238
4403 7103 262
3778 9803 262
4648 2148 238
8978 969 262
6483 7243 257
4819 5360 210
250 9413 262
9237 1219 262
4876 5645 236
6401 270 262
6492 2601 262
9002 3083 262
3960 1424 238
168 1576 182
8833 5771 262
9523 5604 262
