1 10 20
100 200 125
201 210 89
900 1000 174
1 1 1
1000000 1000000 153
497 211 144
600 500 137
1 113382 354
113384 134378 349
134380 138366 344
138368 151176 375
151178 159486 383
159488 161438 370
161440 161534 215
161536 170074 352
170076 184488 365
184490 191334 360
191336 201568 360
201570 204014 342
204016 207550 373
207552 212648 355
212650 213102 311
213104 226765 386
226768 239230 443
239232 242158 368
242160 242302 213
242304 245984 337
245986 255112 363
255114 258206 345
258208 268757 407
268760 270270 345
270272 276733 363
276736 280574 389
280576 284136 358
284138 287002 376
287004 288614 389
288616 290750 345
403140 405406 343
405408 408029 361
408032 415101 449
415104 419838 387
419840 420350 343
420352 420862 312
420864 425297 418
425300 426205 356
426208 430504 374
430506 430760 219
430762 431898 325
431900 432922 387
432924 436126 356
436128 437306 387
437308 453531 400
453536 459034 356
459036 459758 307
459760 466990 444
466992 477792 413
477794 478461 351
478464 479482 338
479484 480480 351
480482 483590 382
483592 484317 307
484320 484605 214
484608 485886 320
485888 487038 382
487040 488166 382
488168 491969 351
491972 498686 426
498688 502440 426
502442 504056 333
504058 510225 382
510228 516413 470
516416 516890 289
516892 517190 302
517192 523944 439
523946 524286 271
524288 525158 364
525160 531182 408
531184 537515 377
537519 538270 346
538272 539418 333
539420 540541 346
540544 542958 364
955588 955590 78
955592 956923 352
956927 957210 321
957212 957630 352
957632 958965 339
958968 960961 352
960964 963822 414
963824 967181 383
967184 968635 321
968640 969211 352
969215 971773 458
971776 974077 383
974080 975014 334
975016 976333 383
976336 978942 383
978944 980382 334
980384 981286 427
981288 981856 321
981858 981928 246
981930 983038 383
983040 983939 383
983943 983946 153
983948 984622 352
984624 991934 427
991936 997022 365
997024 997373 352
997376 997600 321
997602 997822 321
997824 999166 396
999168 1000000 396
