122892 120287 336
35042 7921 311
671059 676111 385
333131 327028 353
78535 8436 351
429977 427258 374
86726 4099 351
46532 8289 324
32091 52902 340
46587 64500 340
242790 244000 337
467383 475256 413
125997 133849 344
226303 226595 368
104962 46872 351
5940 48857 324
331201 327561 353
90620 63913 351
327606 339059 366
44206 99644 351
83327 95392 333
528153 527874 302
92272 113032 354
50021 94862 351
13234 35890 324
586255 587635 359
592062 602100 403
26346 108280 354
18389 101441 351
8212 95230 351
8183 48892 324
922958 923662 326
66652 3763 340
118056 128234 336
27658 72909 340
171117 179085 347
47010 5186 324
125643 126478 318
21941 23028 269
132808 127599 344
38653 113258 354
530151 525435 408
194506 193588 329
617361 616953 279
58505 63357 335
99949 77565 338
402381 401090 387
612701 612685 204
94113 24659 351
65795 52759 335
89491 1013 351
50558 631 324
18255 24279 282
89522 49144 351
50651 10022 324
10949 111251 354
921056 923190 445
132077 120349 344
12357 83041 351
35155 31067 311
494972 494454 351
50824 10791 324
34500 43064 324
57047 113095 354
5542 37620 324
529327 528364 377
59263 35978 340
831665 832694 344
9386 73185 340
227991 238620 443
26676 76091 340
489809 488525 351
84604 102012 341
12562 63960 340
112170 70520 354
440373 449183 369
60307 39808 340
29544 16200 308
16636 79465 351
48005 39325 314
89636 80177 333
240644 240125 368
5478 7748 262
788602 794132 437
64187 28336 340
78689 74510 351
351093 340534 441
99585 90376 333
108468 42527 354
554845 555284 390
85530 83158 320
521716 522381 302
550332 548549 333
86457 16421 351
57111 61144 335
833386 832074 388
351622 346820 379
43814 11988 324
102396 97328 341
30833 8103 308
54512 12568 340
107910 45885 354
81706 76564 351
20652 77480 351
25203 85089 351
470135 470787 307
200278 197052 329
41209 87916 351
97560 74714 351
77637 64531 351
82110 64008 351
807542 808896 331
17723 21612 274
27699 82099 351
844878 847509 419
435952 434325 356
72352 96947 351
67461 106923 354
84688 89000 333
9214 95282 351
951663 953539 414
330860 332589 353
472787 472729 338
31104 15073 308
78312 31478 351
66266 65928 268
953021 953706 414
70357 48755 340
80957 107013 354
31200 3005 308
92090 54496 351
876964 878489 401
290359 290328 190
4878 96129 351
233506 233522 169
100606 48236 351
1933 5378 238
333249 338746 366
33602 28173 285
26839 27707 259
339421 340024 366
63394 20474 340
687243 684884 398
10255 107638 354
19209 30365 308
92972 92062 302
45481 25613 324
95138 61291 351
76167 104721 351
47477 56508 340
629387 627142 341
44048 71748 340
25472 40605 324
672311 674790 367
107846 39467 354
2084 111799 354
35852 106376 354
247489 253935 350
490755 489697 320
64992 30530 340
3581 17148 276
835237 835903 313
93775 88450 333
73811 89541 351
61284 88795 351
681589 686160 380
829327 829160 313
81008 70259 351
50742 109045 354
223604 219686 355
54894 85986 351
83544 43388 351
108340 4191 354
29166 3739 308
520799 520510 333
