117981 114871 349
103855 37587 351
447869 447046 325
122215 114183 349
103508 33724 351
58315 1890 340
66115 34416 340
12491 9631 268
70804 68965 312
602380 598089 403
615835 613515 447
6421 67267 340
487230 487558 227
18877 33975 308
99995 41857 351
22162 24215 282
28055 23689 308
52530 8196 340
21294 6836 279
70821 48803 340
235933 231173 381
19159 28415 308
55 84316 351
121049 113707 349
22121 3774 279
934862 934343 295
67577 11553 340
88579 82725 333
89601 22718 351
53368 48376 340
933622 932341 370
111201 45326 354
221457 219897 355
63182 101399 351
74498 61896 330
47927 60443 340
743737 742964 318
451610 452349 294
380609 379728 379
22203 113108 354
18753 61032 340
21533 84462 351
89772 55585 351
97451 101457 341
41373 43109 288
9019 70302 340
109462 94214 354
222156 225453 368
70275 30736 340
18201 16624 279
756678 757199 349
87325 46368 351
592967 600286 372
81021 34671 351
495819 496856 320
685183 685418 354
65443 59445 335
14804 102167 351
27150 90167 351
69535 79104 351
92092 32887 351
799597 799388 256
87960 671 351
92002 45456 351
90109 32687 351
631312 631437 235
82767 112695 354
99900 95557 328
72308 87176 351
108301 100253 354
95624 89683 333
36144 52843 340
35449 109894 354
142417 148137 375
446459 446353 263
20338 18954 274
33069 92083 351
524705 524423 364
116637 119194 336
597549 601234 372
53614 76788 335
99404 102462 341
13227 86665 351
63387 14969 340
108400 91495 354
105548 11478 351
88425 22554 351
104095 73886 351
355 81466 351
57489 88627 351
235112 230313 443
86412 88805 333
364077 365599 361
41029 26386 324
77907 26679 351
59596 81367 351
381423 382600 374
77147 35146 351
74292 73758 263
597060 601680 403
327292 330973 353
53647 77423 351
1833 76576 340
34167 896 308
367791 366685 348
100968 85961 341
38238 101992 351
80078 15531 351
3000 60722 340
375018 371031 348
47543 45115 314
78629 77917 307
497913 497496 289
474517 471632 382
663872 656540 429
38351 109085 354
97022 111508 354
97196 6806 351
104640 6804 351
404202 404993 343
39759 1022 324
642244 644811 354
44939 17900 324
62690 82779 351
119808 120658 318
25757 51693 324
56624 102172 351
122101 128218 331
66882 42016 340
145758 149549 357
543436 543090 315
67492 107355 354
79437 143 351
41121 98029 351
86576 19815 351
14192 1372 276
22887 88150 351
84170 23593 351
770861 770863 150
1979 20206 279
4167 75708 340
641290 643733 416
670136 674895 367
802708 798424 406
328716 336278 366
100621 76996 351
29114 60354 340
49712 102696 351
24225 109688 354
101578 1079 351
947933 949236 383
177894 171807 347
971268 970061 458
986135 986614 290
535487 533194 377
44276 22265 324
18963 8469 279
5798 92259 351
40933 52921 340
663446 661371 323
8367 76511 340
2645 75256 340
14356 39461 324
28215 53107 340
463223 460713 444
338231 327679 366
641663 641555 372
13579 35661 324
104245 62495 351
42876 64519 340
32728 21868 308
111904 79344 354
26085 36021 324
515995 515085 395
746867 739541 393
105377 21831 351
438811 443160 356
69975 80737 351
124218 119231 336
102920 35400 351
69359 5526 340
80774 89118 333
39247 83220 351
47304 27616 324
793055 795193 375
133437 120992 344
62750 74568 330
33882 64582 340
254130 251866 332
76819 26140 340
2621 19630 279
20113 53567 340
143492 146179 326
14745 41105 324
50458 53126 340
49001 10424 324
18419 35128 311
1934 4276 238
23322 57014 340
71721 65326 325
