62708 63551 330
75268 73604 325
2898 1733 209
90678 90014 315
130680 130794 225
57268 57260 79
119004 120896 318
29492 27688 272
55998 55620 260
123070 123320 287
142968 141688 375
112144 113045 323
112860 113119 292
110376 108696 310
45150 44679 314
7280 6240 257
158175 156456 339
156429 157327 308
59400 60929 317
29841 28894 272
165807 166004 290
5751 5985 218
78100 76553 351
152755 150837 308
35112 33387 311
33872 35758 324
79560 81437 320
137116 136374 313
54720 53176 322
30381 30847 254
231570 231658 275
35209 35224 156
166668 167205 321
110240 110575 261
186384 187586 347
186320 186656 285
141502 140837 282
55242 55240 185
230400 228672 306
181250 180639 285
22932 24091 282
212824 213185 311
158166 159302 321
220626 220755 231
51168 51789 309
125286 125298 181
1 123456 354
203838 204474 311
173340 171800 347
331004 330355 322
66850 68235 312
33725 34463 311
343434 434343 449
4 4 3
524288 524288 20
2 2 2
2 1 2
1 1 1
3 5 8
100 99 26
7 11 20
999998 999999 259
713 281 171
46620 45274 283
2470 1190 209
62835 62209 286
56811 56330 291
8170 7745 252
23716 22442 282
67830 69417 312
105192 103214 341
90288 91582 333
103077 103426 217
1 1000 179
1 10 20
100 200 125
201 210 89
900 1000 174
60 1770 182
4028 3014 238
754 896 179
1582 1 182
1430 143 182
3870 4766 215
4094 4756 215
207 539 144
2396 1900 183
4064 4289 202
60 1770 182
17908 19201 261
35490 34054 311
2665 3817 238
5355 3431 238
37536 36057 306
32800 31439 285
44944 43760 270
32832 32749 236
754 896 179
999999 999999 259
555 555 31
1 2 2
