746364 746539 287
984527 984553 184
913568 916071 370
612108 612175 217
463858 465879 369
530843 531030 346
54433 57372 322
386865 387199 224
327295 331975 353
625871 626320 341
596015 598826 372
888549 888873 264
615944 617756 372
863816 865052 326
237149 237649 350
340753 355627 441
95637 100344 341
223014 224895 324
617652 620712 372
651938 652243 310
339434 340022 366
363894 368961 361
129869 130420 344
611385 611839 354
470488 475468 382
965974 966698 365
37348 92079 351
258297 268536 407
440082 451642 387
895333 900168 370
484866 485879 320
266512 268525 345
378258 378721 317
774309 774502 256
130959 131292 300
253654 254365 301
546929 547279 315
657026 664697 398
470415 472879 338
352368 357189 379
519175 520575 364
160447 160965 321
558324 558560 284
231992 233277 368
500408 500409 95
715210 715264 243
351238 352927 379
142458 151094 375
223929 225918 368
714111 714874 305
529738 530618 302
391074 392192 330
316655 317645 322
86340 106002 341
42274 78626 351
550400 550458 240
947362 948409 383
720844 721265 349
43516 81311 351
675911 676637 385
697296 697805 318
929897 929982 264
364669 365200 361
414280 414311 268
92979 103119 341
665035 665049 116
257313 257887 332
436980 437249 387
550231 551563 346
883213 883830 295
448828 453281 387
461585 461704 263
675525 679642 385
809581 809938 344
957924 958330 339
654389 654511 292
330350 336615 366
283640 283712 252
841441 841669 313
83976 107567 354
358047 358263 379
53180 101319 351
686485 687868 398
258253 263874 407
149376 150217 370
864220 865747 388
126185 131480 344
478612 479332 338
57743 74719 335
621320 622361 372
980414 981283 427
190541 190833 285
404426 405204 343
877179 877548 401
327180 331091 353
578400 578832 315
771384 773497 393
872327 872526 295
97632 111488 354
803384 803504 269
705855 708057 349
819737 821649 450
182188 182843 316
250688 252669 319
890633 894592 326
661536 664612 367
418314 419750 343
59167 106372 354
824837 826155 344
776296 777179 331
240106 240169 200
141100 149072 375
578576 579256 359
922353 923033 445
236909 239225 350
676906 677351 292
867209 867406 339
703196 703548 349
809749 810231 344
430676 430746 219
46557 103861 351
722606 723533 380
830269 832104 419
137638 138197 282
732164 732184 243
208244 211680 355
677557 678436 336
458354 458381 201
286003 286572 283
103206 104981 310
4689 49284 324
935301 936320 414
956256 956583 308
429184 430456 312
490738 491915 320
278061 280216 345
156540 157350 308
898991 899243 295
866211 868443 344
168273 168694 321
58020 94539 351
748132 748147 137
884376 884465 282
717971 718568 336
706488 710412 380
307604 310295 371
39540 55488 340
706229 710788 380
268755 268755 71
510209 510216 152
168047 169291 334
713220 713445 305
302532 305170 340
972338 973785 383
98628 102528 341
749979 750311 318
476063 476977 307
107202 108023 279
981306 981439 290
96150 110377 354
410753 413771 374
154045 156339 383
779971 780038 300
331001 331911 291
660642 664562 367
380390 381248 299
355569 357859 379
764754 764785 225
456853 457342 351
937514 937543 277
408262 414704 449
915545 916685 339
279633 279953 283
999810 999838 259
490546 491149 320
362620 362988 273
675660 679460 385
816203 816647 300
208857 209620 311
205928 207421 373
873116 874547 388
406208 407697 343
848687 849305 313
788099 788371 406
540166 540449 346
577182 577219 222
154523 156365 383
76735 102025 351
37368 92801 351
432294 432540 325
693490 694902 323
39009 107152 354
928112 929081 383
777558 778928 437
687294 687378 230
436067 436092 325
342194 354076 441
597188 598193 372
110530 112512 323
48159 97555 351
