1 10 20
100 200 125
201 210 89
900 1000 174
1 113382 354
113384 134378 349
134380 138366 344
138368 151176 375
151178 159486 383
159488 161438 370
161440 161534 215
161536 170074 352
170076 184488 365
184490 191334 360
191336 201568 360
201570 204014 342
204016 207550 373
207552 212648 355
212650 213102 311
213104 226765 386
226768 239230 443
239232 242158 368
242160 242302 213
242304 245984 337
245986 255112 363
255114 258206 345
258208 268757 407
268760 270270 345
270272 276733 363
276736 280574 389
280576 284136 358
284138 287002 376
287004 288614 389
288616 290750 345
290752 302353 371
302356 306022 340
306024 311326 371
311328 318973 384
318976 319654 322
319656 322877 371
322880 323069 216
323072 340149 384
340152 358344 441
358346 358846 348
358848 360360 348
360362 363238 366
363240 363454 211
363456 368977 361
368980 376830 423
376832 378042 361
378044 378848 317
378850 382669 379
382672 387310 348
387312 388718 330
388720 392958 436
392960 403137 405
403140 405406 343
405408 408029 361
408032 415101 449
415104 419838 387
419840 420350 343
420352 420862 312
420864 425297 418
425300 426205 356
426208 430504 374
430506 430760 219
430762 431898 325
431900 432922 387
432924 436126 356
436128 437306 387
437308 453531 400
453536 459034 356
459036 459758 307
459760 466990 444
466992 477792 413
477794 478461 351
478464 479482 338
479484 480480 351
480482 483590 382
483592 484317 307
484320 484605 214
484608 485886 320
485888 487038 382
487040 488166 382
488168 491969 351
491972 498686 426
498688 502440 426
502442 504056 333
504058 510225 382
510228 516413 470
516416 516890 289
516892 517190 302
517192 523944 439
523946 524286 271
524288 525158 364
525160 531182 408
531184 537515 377
537519 538270 346
538272 539418 333
655360 655960 385
655962 656414 354
656416 665066 429
665068 665214 248
665216 666110 398
666112 667374 323
667376 669920 336
669922 680299 385
680304 687870 398
687872 688552 261
688554 689638 336
689640 695066 442
695068 698592 367
698594 699048 274
699050 700486 367
700488 704510 411
704512 704622 243
704624 713574 411
713576 716688 380
716692 717693 349
717696 719224 336
719226 720721 349
720724 723944 411
723946 725386 362
725388 726056 305
726058 726477 318
726480 726909 349
726912 728830 318
728832 730558 380
730560 732250 380
780392 780734 300
780736 781950 362
781952 782334 287
782336 785917 375
785920 786430 300
786432 787738 362
787740 788582 406
788584 796774 468
796776 803870 406
803872 806275 375
806279 806282 75
806284 807406 406
807408 809128 331
809130 810813 406
810816 814438 375
814440 815870 357
815872 816059 344
816063 816814 344
816816 817288 313
817290 817774 344
839680 840701 357
840704 841725 344
841728 844646 388
844648 847870 419
847872 849408 313
849410 850078 357
850080 850595 357
850599 851226 357
851228 852411 344
852415 854190 357
854192 856730 388
856732 859134 370
859136 859718 295
859720 861008 357
861012 861520 313
861524 863797 326
863800 865845 388
865848 868990 357
963824 967181 383
967184 968635 321
968640 969211 352
969215 971773 458
971776 974077 383
974080 975014 334
975016 976333 383
976336 978942 383
978944 980382 334
980384 981286 427
981288 981856 321
981858 981928 246
981930 983038 383
983040 983939 383
983943 983946 153
983948 984622 352
984624 991934 427
991936 997022 365
997024 997373 352
997376 997600 321
997602 997822 321
997824 999166 396
999168 1000000 396
1 1 1
1000000 1000000 153
200 100 125
