1 10 20
100 200 125
201 210 89
900 1000 174
819010 638440 504
20923 275919 443
596335 560285 434
915393 237412 525
340045 293536 384
265493 368112 441
630311 522031 509
336624 755256 509
139777 150423 375
2203 257448 443
31777 811380 509
75054 71680 325
854211 220121 525
389863 424586 449
395343 588607 470
914018 72387 525
928105 99674 525
125489 356594 443
732862 894492 525
453466 605892 470
391334 568383 470
628143 634166 385
542516 321765 470
56588 154386 375
819879 712885 468
448179 69900 449
306487 334606 384
374835 245911 441
704059 20504 509
687290 627917 442
675213 647398 442
3959 614984 470
209982 85906 383
46891 794986 509
200875 926777 525
916273 595856 525
892704 463121 525
332864 311772 384
966651 665830 525
441269 712321 509
503320 718428 509
875043 44986 525
775348 209211 509
302649 881584 525
220773 989213 525
394568 18522 443
105468 191749 383
958420 124730 525
373592 39082 443
67326 777064 509
419371 812399 509
373569 623790 470
453255 214455 449
595885 489447 470
125742 194894 383
833561 396834 509
227470 716883 509
610004 825744 509
251634 756035 509
522612 961928 525
37200 81373 351
537223 479506 470
63079 688228 509
812080 65395 509
525930 177840 470
788754 342682 509
393911 129283 443
34687 678473 509
423835 212323 449
888012 204322 525
578656 912496 525
901550 279845 525
759678 715602 424
857535 145091 525
102508 511691 449
959773 317484 525
233498 935257 525
454782 93359 449
321085 113692 443
906517 429837 525
485190 518873 470
657887 891398 525
19337 380071 443
336099 995973 525
68361 227097 386
72640 170018 383
7184 301589 443
215585 453550 449
447618 139369 449
741046 69617 509
