1 10 20
100 200 125
201 210 89
900 1000 174
37686 45741 314
17578 38844 324
11244 1048 268
89123 86427 333
25858 64204 340
59779 61050 335
5747 59466 340
91897 98588 328
5383 3713 215
31767 104701 351
31705 85602 351
63652 83879 351
34651 27757 311
3117 56515 340
104439 112413 354
59687 98510 351
101220 10623 351
105323 83361 341
112875 2508 354
28568 37345 324
46936 55321 340
101716 65687 351
111462 54966 354
94547 58045 351
13348 81987 351
109515 29952 354
110181 29624 354
15126 68703 340
17919 30961 308
38574 33890 324
79636 113293 354
72947 39552 340
47618 58312 340
5779 91955 351
61321 9952 340
99623 21157 351
12314 61149 340
68875 2624 340
58182 43115 340
98035 53175 351
104087 52596 351
71335 109525 354
43694 76535 340
77865 4790 351
17356 76692 340
27204 2090 308
45839 34425 324
1867 105232 351
46769 38386 314
23013 62103 340
80212 31969 351
38331 43217 306
15249 72736 340
16584 104990 351
49389 37932 314
107898 3358 354
95089 101887 341
70716 21418 340
103932 13385 351
854 300 171
38479 112968 354
13069 109499 354
88604 99390 333
87031 25659 351
109895 101074 354
32132 73267 340
90369 95692 333
54599 72135 335
91 49893 324
69685 72593 325
102957 5742 351
45442 90843 351
44695 11430 324
60162 9210 340
39562 86947 351
54402 77381 351
76072 39479 340
106155 45233 351
37551 42205 306
51324 36388 314
91984 24628 351
12907 93401 351
39094 26804 324
40301 71586 340
61794 102724 351
79900 18243 351
90942 104646 341
19158 112585 354
103470 105483 341
18696 15135 279
71102 48819 340
73635 63020 330
68406 46254 340
69723 47367 340
49861 98119 351
53279 13506 340
92101 47964 351
82413 61355 351
17586 73728 340
77137 43379 351
