1 10 20
100 200 125
201 210 89
900 1000 174
36268 90917 351
94641 27175 351
22112 39979 324
27997 69438 340
69085 30620 340
86310 66124 351
80611 46138 351
16548 50996 324
14333 37142 324
46736 21403 324
93132 58947 351
7610 20428 279
17941 41890 324
52634 75147 335
91810 75362 351
85470 28586 351
60428 34848 340
98720 92532 328
32668 6649 308
96659 13120 351
94086 94291 284
94589 51918 351
18589 326 279
79959 18883 351
37098 82036 351
74370 56514 335
31714 19827 308
3093 53801 340
46025 62292 340
82302 75903 351
33669 74704 340
8358 27387 308
97513 80004 333
51267 43587 314
85974 13536 351
50299 58373 340
84955 3451 351
80135 43625 351
66925 12351 340
19646 33629 308
57765 39267 340
3996 66618 340
15322 22185 279
59767 98828 351
11978 13277 276
38808 85278 351
29805 89433 351
55313 60121 322
70883 97697 351
38542 7380 324
14754 74605 340
43894 66316 340
97139 74595 351
27579 44813 324
35743 61225 340
14032 18131 279
96811 24469 351
25434 85722 351
24005 78570 351
69857 83258 351
45823 54968 340
30054 77961 351
28939 4124 308
7241 22550 279
49770 9256 324
56456 4407 340
83264 27959 351
64909 52435 340
75188 30541 340
62594 41490 340
25133 71647 340
8770 44163 324
85886 8250 351
50248 7133 324
91764 93169 315
37563 23861 324
6466 29700 308
38894 84481 351
83200 36900 351
61701 17825 340
74418 27743 340
68570 70241 299
43064 30380 324
80515 3430 351
59682 29598 340
6596 9409 260
10555 46263 324
51986 53437 340
63076 94246 351
17043 90152 351
39959 20847 324
41010 36304 306
29438 26722 272
45372 78331 351
13787 61186 340
88093 37286 351
74870 38767 340
91998 30579 351
94076 10184 351
23796 21447 282
59716 69166 335
73283 44234 340
85557 70745 351
86519 24930 351
69562 6062 340
36472 10112 324
77781 18276 351
93243 8683 351
14035 47935 324
37540 40490 306
49452 58734 340
78081 8647 351
53855 50404 340
59796 27046 340
13662 48941 324
80121 73364 351
3856 6187 262
53506 29080 340
40195 13189 324
39969 65875 340
