1 10 20
100 200 125
201 210 89
900 1000 174
3178 4159 238
5721 6780 262
198 436 144
8736 9384 260
18000 18000 49
15120 21548 279
47933 5303 324
280900 280916 208
68577 45877 340
26823 29613 272
34179 30757 285
74498 100000 351
999555 999999 290
470741 475696 382
62575 60859 335
45447 69423 340
69842 40232 340
86372 29999 351
21193 26849 308
107010 16546 354
667824 667824 62
67447 42319 340
500000 501000 364
59024 85655 351
51585 51401 234
27904 33215 285
58073 73647 335
18861 34786 311
30124 67131 340
82716 10233 351
25094 95097 351
529604 530983 346
99717 81488 333
89833 58677 351
445164 447200 325
361355 361131 286
57438 85086 351
10664 15170 276
55344 44946 340
93119 3885 351
548936 551435 346
111970 69392 354
30049 52512 324
47876 25438 324
40926 2735 324
106358 28934 354
58587 59748 273
771153 770333 349
89311 100617 341
52260 28659 324
31279 85468 351
356352 357426 317
672660 672889 261
62252 64396 330
65125 50545 340
109685 8103 354
20518 14094 279
27085 26243 308
21057 31560 308
46723 60822 340
66933 78390 351
122113 117265 336
112854 67008 354
45192 27975 324
32655 51798 324
21744 32625 308
43658 23463 324
106673 104767 354
47048 64187 340
39070 27982 324
374106 374106 87
402581 402600 237
497460 494408 351
62499 71928 330
37092 85876 351
39143 29949 324
30528 37309 324
9117 90088 351
147134 150983 370
384413 384032 286
53115 36833 340
43334 17421 324
16176 67209 340
8207 100685 351
1 100000 351
100000 1 351
1 50000 324
50000 1 324
12443 108628 354
26118 34139 308
57486 34507 340
69982 13832 340
12082 42799 324
49848 63290 340
50323 21322 324
31364 18948 308
4691 10483 262
1 2 2
1 1 1
100000 110000 354
