1 10 20
100 200 125
201 210 89
900 1000 174
1234 54235 340
2134 5 182
2346 5423 238
324 6354 262
234 10000 262
342 642351 470
123 56340 340
324 12903 268
234 135 128
100000 200000 383
200000 300000 443
300000 400000 441
400000 500000 449
500000 600000 470
600000 700000 447
700000 800000 468
800000 900000 450
900000 999999 476
500 5000 238
300 300 17
50 1 112
1 50 112
600 50 144
87 500 144
500 550 137
600 650 145
700 750 171
750 800 153
800 850 135
900 950 174
951 1003 143
1000 5000 238
200 1234 182
1465 6543 262
6543 646 262
5684 436845 449
4684 4546 184
32432 324234 443
234 875 179
684368 436846 470
6464 64682 340
36 444368 449
3214 4736 238
365 54765 340
5674 867 238
3245 658 217
546 56 144
2354 587 183
3245 678 217
9 324 131
867 3254 217
867 435 171
89 234 128
4 326544 443
435 906 179
456743 3254 449
45 658 145
324523 874 443
436 57651 340
3245 56765 340
234 6754 262
124 67864 340
12341 657 268
1234 678 182
7865 123 262
320957 345 443
1324 698 182
98432 23095 351
43597 754 324
32 409853 443
435 756 171
324 654 145
3245 765 217
435 867 171
3245 67400 340
1 5000 238
5001 6000 236
6001 7000 262
7001 8000 252
8001 9000 247
9001 10000 260
1 50 112
2 100 119
5986 255112 443
258206 255114 345
268757 258208 407
302356 306022 340
306024 311326 371
436126 432924 356
437306 436128 387
437308 453531 400
453536 459034 356
466992 477792 413
342 2342 183
563 423 142
478461 477794 351
478464 479482 338
502440 498688 426
502442 504056 333
504058 510225 382
510228 516413 470
516890 516416 289
123 34215435 644
1234 531245 470
234 1235 182
1234123 1234 476
3423 23423 279
1234 65234 340
3245 4312 238
1234 63456 340
