97467 66601 351
573317 570492 372
298490 295499 327
103348 32172 351
741222 739299 393
66249 86990 351
40743 53144 340
14412 59479 340
110294 11017 354
110991 76376 354
59426 28067 340
80154 68977 351
897525 897490 326
755199 754552 318
80308 19593 351
18859 28828 308
86317 106312 354
36421 68972 340
382853 386966 348
22765 34986 311
33062 84303 351
98738 110751 354
55382 84292 351
51735 38602 314
728802 727208 318
46007 42772 314
58106 10946 340
410399 411305 374
111544 28656 354
561859 564350 359
15033 1842 276
40403 84506 351
17808 70847 340
61690 10947 340
717774 718116 318
59476 58976 273
491586 491953 320
91583 34190 351
743872 741933 349
617059 617320 279
122980 126381 331
23856 5510 282
88883 67764 351
438469 440610 400
11735 48628 324
547597 549373 377
90086 27710 351
78592 102296 341
58531 81198 351
69232 21743 340
86469 57911 351
130908 115381 349
400044 402260 387
24605 80261 351
39129 40072 306
356264 345318 441
221743 216242 386
681861 683403 336
62315 25496 340
112466 66343 354
826693 825604 344
46017 31600 324
24745 34596 311
294732 294815 265
106407 68339 354
720910 721894 367
66444 104712 351
32073 28806 285
35733 37545 306
100857 3296 351
71774 76077 325
108354 56791 354
26160 95022 351
99538 57602 351
95731 57229 351
46588 67183 340
525963 528136 408
226967 231367 443
52927 45042 340
53762 85739 351
47928 51019 296
17881 52630 340
31639 89965 351
87997 112818 354
116840 127369 336
82379 67609 351
104812 17630 351
233950 233336 275
66975 7619 340
744673 745105 243
44526 59720 340
46852 100161 351
34307 4251 311
95475 44353 351
170506 175400 347
97408 39758 351
57537 48410 340
991219 989960 321
113010 64317 354
594339 589799 403
27132 31984 285
58476 87092 351
45611 100013 351
37287 50500 314
899758 890075 370
73077 78111 351
36381 55389 340
7311 25014 282
45021 111985 354
451587 437372 400
46326 97107 351
65891 50415 340
98998 81283 333
677006 679784 380
264944 263121 332
108375 65039 354
74060 17516 340
103472 1914 351
105642 90210 341
291039 291747 327
10076 79917 351
30407 98543 351
40354 69113 340
51959 78317 351
110978 11521 354
94790 85212 333
333888 339042 366
21542 104178 351
10050 81244 351
111781 63429 354
3253 16623 276
36143 9905 324
29219 53912 340
34365 73005 340
99955 9051 351
568285 569560 359
393429 397543 405
119007 117422 336
74103 19720 340
49480 62372 340
51253 102609 351
3739 4845 215
142757 142894 220
895067 893007 370
413022 408507 449
99138 70689 351
6368 5895 262
93100 70398 351
156306 158061 339
86920 52921 351
68307 100736 351
542711 541094 364
598393 602030 403
36945 9949 324
48839 68815 340
13725 99231 351
604451 601833 372
367310 366202 348
118139 129451 336
15452 46758 324
130583 119446 344
5632 8328 262
20955 59940 340
56565 88276 351
274890 272062 358
170461 176316 347
351039 348729 366
30696 77941 351
55724 106377 354
917012 912950 370
42097 56704 340
400521 398185 374
339482 334586 366
20722 111883 354
598800 604293 403
599735 597359 372
22544 95512 351
129901 129940 300
111096 75388 354
900489 900138 313
89281 32889 351
783691 783325 300
102875 21934 351
95785 66648 351
896603 892347 370
51018 46952 314
3619 61092 340
71129 74543 325
191675 194081 347
75788 76485 307
938808 938255 308
53473 65626 335
66674 42201 340
42692 95127 351
96221 70846 351
99186 65571 351
55200 51113 340
122766 114880 349
73008 40816 340
60205 32764 340
62539 76129 330
91134 105001 341
321792 322250 260
88735 49726 351
763093 761011 362
61365 81532 351
92063 35683 351
78112 103851 341
338687 336905 366
629186 629124 173
303798 305589 340
8260 61198 340
8842 100449 351
2459 31241 308
64415 35909 340
49917 100115 351
675529 677146 385
109392 31425 354
620858 613805 447
327565 333348 353
42754 1544 324
98303 33949 351
706085 706918 305
23703 67599 340
35739 23217 324
498349 496193 351
226342 215184 386
99178 91087 333
469325 468672 351
50764 71179 340
112276 49657 354
685500 682426 380
2352 14294 276
65961 88551 351
73291 19633 340
105653 104393 341
51854 101526 351
89884 541 351
12073 66400 340
393209 400696 405
56729 78899 351
99732 39177 351
945 37679 324
75102 62316 330
74328 5744 340
112101 2149 354
801947 799500 406
83769 43890 351
357351 341093 441
458425 458436 232
71896 51990 340
35157 99628 351
91869 3289 351
54723 27239 340
80540 98250 333
434 77993 351
105581 361 351
76563 15475 340
33022 22776 308
34039 2144 308
692428 692304 261
788731 796729 468
568581 569808 359
110462 95570 354
110469 46654 354
295982 294594 358
60565 22205 340
73821 3884 340
109890 78348 354
48331 11482 324
191858 191337 329
46490 8207 324
438054 447673 400
109081 78461 354
22334 64779 340
23095 79871 351
28169 5286 308
224606 221420 337
768905 768726 331
236788 229039 443
78425 31671 351
65148 34356 340
400723 399625 374
128523 115872 336
881134 878456 357
11167 40325 324
50318 53979 340
209252 212039 355
72602 54256 335
96187 48304 351
99795 23427 351
9610 16290 276
50703 28824 324
301263 293584 371
109908 25872 354
410071 410664 312
306959 308314 371
48055 57255 340
501 42059 324
47613 6762 324
