84374 84888 302
50681 50798 265
63201 63649 330
51010 51814 309
80715 81330 320
98089 98627 266
96752 96893 222
66639 67269 268
72367 72791 263
54903 54925 172
29233 30117 272
29041 29700 272
65063 65880 268
57730 58043 229
25584 26473 277
64776 64782 162
79360 79918 307
72408 73212 294
65865 66270 268
99240 99692 266
97687 98434 297
27602 28452 259
61495 61850 286
45076 45874 314
28556 29295 272
52369 52666 340
61778 62062 317
6317 6515 200
26413 26918 308
91989 92256 284
83216 83839 289
53551 53757 247
31784 32184 254
14063 14411 196
58491 59133 273
60130 60599 317
65708 66662 268
54751 54943 216
20025 20071 212
41872 42163 226
5253 6151 236
73611 74539 294
17753 18509 248
27451 28058 259
78814 79195 307
43498 43540 195
97352 98077 297
45387 45883 239
42525 43454 257
54490 55212 260
83410 84111 289
32978 33669 267
20668 20865 256
89195 89778 302
19714 20488 274
12714 12845 201
21002 21697 256
29122 29350 272
79508 80100 307
52211 52335 278
55266 55716 260
98166 98446 266
66633 67274 268
60892 61510 335
60607 61185 335
50396 50690 234
40956 41500 288
11394 12042 250
16686 17242 266
85530 85959 302
48071 48518 252
26349 26356 171
30954 31454 285
80452 80905 276
53134 54051 322
13025 13080 201
91479 91536 240
92539 92555 165
48839 49510 296
97085 97212 253
26833 27436 259
82022 82450 307
14776 15148 271
9359 10009 242
33104 33487 236
92124 92867 302
67114 67165 237
47109 47175 283
43164 43851 239
62001 62746 286
24665 25492 264
88083 88399 302
73240 74025 294
67703 68545 312
95112 95856 284
59960 60818 317
35997 36902 249
81910 82345 289
31849 32018 254
94304 94942 315
57221 57709 273
61660 61808 286
76297 77163 351
33189 33655 267
66792 67771 312
29309 29995 272
93771 94610 284
48502 49181 296
54975 55392 260
82228 82882 320
7137 7220 195
58087 59020 273
39935 40727 306
91393 91416 196
98225 99189 328
49457 50092 296
86233 86320 258
58416 58994 273
7007 7595 239
58985 59022 273
78181 78855 338
75803 75875 294
64435 65308 268
64967 65131 206
76121 76789 307
6126 6386 262
24368 25311 264
47060 47936 314
12024 12443 263
96119 96249 191
44123 44390 239
63752 64039 255
23023 23184 238
38371 39040 275
78309 78595 307
94358 94669 315
17184 17724 279
86234 87109 333
88666 89660 315
6470 6944 257
58190 59097 273
90243 90440 315
80203 80993 320
35804 36358 249
81639 81680 183
66133 66156 193
69819 70496 312
78973 79607 307
25375 26324 246
32943 33349 267
26635 27179 259
57549 58252 273
93679 94645 284
93342 94251 284
40890 41493 288
94007 94091 253
32090 32411 254
73150 73231 201
4476 5183 210
98781 99031 284
85919 86334 302
89395 90171 302
33533 34071 267
12450 12879 263
23929 24148 251
36213 36860 249
87509 87769 271
71519 71893 250
16372 16621 266
23393 23617 282
79768 79860 245
28648 29040 228
40078 40893 275
83540 84414 320
63989 64314 299
19581 19915 274
60411 61218 335
75917 75952 157
29766 30413 272
58539 59297 273
11071 11338 237
19019 19625 274
15790 15818 191
87129 87218 227
17521 18495 279
17506 17830 279
13369 14102 258
88636 88809 240
15041 15384 240
78740 79485 338
75393 75787 263
92426 92465 284
45593 46519 283
6553 7102 257
88974 89482 315
65586 65752 237
83992 84075 227
39227 39319 169
80902 81387 320
17824 17916 217
