1 10 20
100 200 125
201 210 89
900 1000 174
1 1 1
999999 999999 259
55789 58564 322
302926 304681 340
26969 83069 351
94997 13365 351
201057 192462 360
107956 9109 354
292795 298232 358
70848 8323 340
3550 92142 351
3450 12863 268
30097 66896 340
69292 81021 351
47423 4282 324
864741 864272 326
450760 444828 387
61486 106660 354
674046 677819 385
89771 55693 351
200093 197734 329
9364 73519 340
10934 79997 351
22527 18326 274
104309 109317 354
51432 75419 340
85183 25126 351
109926 8721 354
88996 74962 351
385826 385477 343
112985 80557 354
85664 74528 351
27802 37600 324
294775 292206 358
9151 4884 262
35627 35019 311
74643 85166 351
86882 105998 341
35001 76896 340
5446 4933 197
5984 43313 324
443785 451481 387
101668 32749 351
8742 7464 252
51497 73948 340
60063 82271 351
71986 55607 335
85615 49333 351
596815 594572 372
46027 69353 340
38525 89551 351
144231 142702 295
108964 16754 354
34656 71149 340
76260 87479 351
65499 64961 224
77550 64997 351
63547 70950 312
45544 82745 351
166573 167711 321
18501 59336 340
77879 18398 351
72000 93229 351
536128 537300 377
26819 27513 259
30810 53681 340
111592 72833 354
91351 95571 333
3000 15570 276
25385 89795 351
15490 83625 351
90017 21156 351
108067 98751 354
98848 10450 351
332735 336414 366
399245 402415 387
81707 50988 351
684237 680812 380
73264 104908 351
10743 92312 351
33814 29426 285
16105 69116 340
1339 70739 340
22840 16934 279
62608 16649 340
87388 28977 351
65709 30356 340
586605 583747 434
323906 335510 384
25872 112928 354
8893 102874 351
90749 37920 351
2335 50720 324
59839 72390 335
92295 16953 351
34628 31358 311
227435 231741 443
60536 9175 340
31751 16208 308
4092 48569 324
369607 370871 392
41126 32740 324
29388 105981 351
90103 112528 354
48111 28131 324
69224 12424 340
45892 7935 324
105689 51345 351
87904 59038 351
106697 57780 354
509659 509197 302
13570 61866 340
68587 48095 340
101703 28666 351
43890 26613 324
118161 118538 336
22669 21481 269
361207 361909 286
106285 88590 354
48443 109776 354
93109 108429 354
73960 81150 351
14678 44530 324
39186 14770 324
108042 16849 354
19925 49243 324
63559 13000 340
92533 9501 351
46477 90232 351
103346 39400 351
16119 12363 276
17668 41216 324
36182 97718 351
526343 529190 377
477017 476558 307
327871 335240 353
704688 705150 305
890426 901023 401
265089 267141 345
237070 235907 337
257158 255137 345
355851 358290 379
314777 316718 353
392140 391953 299
335454 329694 353
210244 211543 355
187380 185879 347
299218 301277 371
819440 819724 282
330962 328009 353
115758 123908 336
835465 834841 344
421656 422950 356
701505 702512 411
801357 800414 393
600576 604212 403
659538 661284 354
617389 615215 372
599905 591834 403
528904 527243 377
744432 738248 424
800689 798161 375
675997 674851 385
504946 508566 382
615910 615538 310
801243 799302 393
788720 793214 437
590309 599452 403
601456 600340 403
595697 595585 266
617760 617192 328
671321 679660 385
594945 598504 372
916100 914156 370
922312 923362 445
986247 990094 396
911928 911982 383
943869 940687 339
948039 950829 383
913018 916241 370
901836 905862 401
955450 951617 414
947104 950054 383
991778 985320 396
937222 935406 414
904234 902562 383
923016 923836 308
993911 993155 290
933436 933662 339
985147 987356 396
949301 947367 383
961100 962449 352
913382 916566 370
