69303 110556 354
288 16258 276
120432 130105 344
18938 83265 351
89724 60497 351
30182 60956 340
61495 89296 351
99608 23854 351
53391 8570 340
24037 40131 324
4605 32951 308
134325 127076 344
29523 95098 351
22139 57003 340
7409 96572 351
440281 441447 325
29411 86013 351
85475 91245 333
248650 250714 350
234149 229007 443
70462 16592 340
312233 316198 384
99910 72834 351
37772 7514 324
53659 51276 340
13029 100916 351
32148 29652 285
61638 8572 340
110301 10571 354
197527 199209 329
104430 7848 351
43297 13093 324
231235 233412 368
595166 594083 328
683611 685528 380
22925 17429 279
467664 473285 413
91785 15851 351
18303 58434 340
3763 18341 279
66861 74343 325
366192 363917 361
9771 34014 308
82268 36760 351
60662 71050 335
61200 19433 340
107966 47175 354
100138 100129 116
96815 80357 333
80766 83328 320
44400 68523 340
600686 601191 341
88518 40261 351
112036 107780 323
99545 85671 333
347189 348907 335
40855 75880 340
30122 58507 340
564999 562088 421
49811 89861 351
31964 36608 324
40243 9758 324
32021 25213 308
101816 29127 351
810915 812112 362
71268 73685 325
263684 268475 345
77655 112785 354
20501 84055 351
77048 82744 338
344288 349255 441
64747 112837 354
32703 70635 340
43739 7760 324
59308 20044 340
3124 22552 279
9122 65019 340
106060 91090 341
602987 595152 403
448234 451078 387
1546 88975 351
78013 46932 351
934530 934462 295
963434 963498 215
51879 90429 351
49321 33800 324
74948 106963 354
96179 8095 351
868840 866623 357
50515 88387 351
99571 101182 341
160986 159872 370
133644 128925 344
109435 26530 354
111395 49258 354
73695 17282 340
595492 592378 328
37981 21296 324
25217 18937 282
43323 81531 351
213649 219306 386
796835 801973 406
59227 84018 351
449535 448507 369
217209 223961 355
163765 167204 352
60003 33128 340
54359 59027 322
99782 41011 351
844751 847524 419
30675 6003 308
94592 98506 328
770130 770327 331
61904 108005 354
70593 88823 351
68924 82107 351
76600 51706 340
53058 103945 351
89435 51756 351
460930 460267 307
270631 273660 363
221883 218587 355
3211 97951 351
72216 96971 351
14966 98402 351
706384 712305 380
234617 231910 381
81190 95428 333
572724 572291 372
262079 260845 332
530428 530631 240
43931 106426 354
85320 24837 351
5775 7157 262
414592 413325 374
36642 46080 314
559183 553554 421
98770 111044 354
19900 106638 354
111725 5151 354
16505 17371 266
78958 91440 333
12995 18936 279
59246 85917 351
343226 356863 441
64472 21990 340
75496 52697 335
48160 111936 354
709521 705135 380
34234 29014 285
105414 112449 354
238478 229973 443
32741 43706 324
63139 85779 351
73336 34760 340
102172 57552 351
701482 704421 411
375444 371425 361
117012 131469 344
372484 373464 286
64742 79478 351
216738 219614 342
81613 43115 351
439915 450180 369
47104 42021 314
93631 87639 333
41924 46514 314
4766 36141 324
216876 226466 368
70225 1804 340
109661 107467 292
146512 146032 295
128097 125666 331
108655 56978 354
610313 610466 341
709006 706050 349
26729 63555 340
106888 60711 354
5982 35248 311
23662 74857 340
332547 336820 366
342673 347676 441
77371 23043 351
125730 117798 336
49200 21783 324
772551 773954 393
541800 541261 364
39810 23266 324
233743 235805 381
57479 76341 335
25529 7331 282
332816 338328 366
69315 79394 351
86695 72400 351
30853 35948 324
35797 22059 324
507003 508042 364
3960 1750 238
59013 34123 340
58376 51276 340
