1 10 20
100 200 125
201 210 89
900 1000 174
10 1 20
200 100 125
210 201 89
1000 900 174
1 1 1
999 999 50
999 998 50
1 100000 351
313 524 144
462 204 144
449 598 142
88 154 122
669 330 145
960 329 179
336 715 171
59 257 128
403 800 171
16 417 144
353 325 144
534 46 144
910 926 130
877 622 179
748 326 171
838 196 171
471 386 134
536 218 144
950 937 174
228 689 145
743 722 140
374 447 134
605 501 137
113 474 144
938 835 179
976 156 179
559 410 142
291 604 144
280 844 171
967 270 179
614 560 132
271 582 144
430 834 171
274 886 179
268 542 144
359 435 134
772 694 171
388 794 171
277 65 128
31 147 122
373 555 142
698 173 145
927 58 179
188 963 179
315 253 131
15 488 144
622 635 132
347 247 144
729 607 171
653 365 145
111 864 171
275 763 171
380 811 171
69 456 144
881 930 148
580 237 144
539 493 124
95 452 144
105 290 128
167 376 144
658 451 145
370 787 171
296 738 171
892 299 179
634 165 144
742 375 171
644 386 142
239 85 128
247 844 171
242 418 144
247 161 128
956 440 179
780 990 179
277 304 118
166 706 171
165 752 171
322 275 131
804 888 179
754 908 179
127 227 125
743 383 171
996 505 179
649 850 171
81 384 144
236 222 128
981 334 179
668 123 145
710 215 171
256 210 128
899 897 117
683 220 145
589 779 171
575 818 171
150 612 144
9 175 125
444 62 144
651 92 145
385 212 144
17 140 122
631 264 144
686 658 145
620 618 132
799 872 179
916 667 179
617 113 144
636 483 142
347 298 144
925 783 179
824 4 171
561 399 142
315 835 171
574 315 144
463 114 144
297 770 171
775 492 171
967 627 179
574 387 142
443 95 144
846 592 171
879 784 179
863 535 171
804 241 171
973 131 179
767 944 179
872 338 179
714 812 153
616 877 179
973 662 179
276 819 171
539 571 137
764 133 171
158 338 144
472 356 134
169 502 144
858 409 171
5 67 113
818 933 179
481 903 179
307 538 144
456 732 171
370 972 179
172 599 144
612 110 144
603 28 144
309 329 144
539 661 145
227 926 179
799 367 171
561 238 144
239 701 145
