314463 315745 340
48402 21004 324
105518 93898 341
64747 19056 340
145377 142243 375
895184 900375 370
42701 97438 351
15606 41237 324
19106 104711 351
59717 57881 273
91660 48308 351
106680 16767 354
78128 65919 351
100434 47040 351
131071 116555 344
9884 49097 324
85065 9685 351
105451 68235 351
11454 113321 354
29840 54163 340
675417 671722 367
96301 95432 284
23119 70423 340
40201 20957 324
295875 301240 371
333594 331905 353
879356 882781 357
49103 17205 324
178592 173246 347
196270 195478 329
52871 18407 340
21093 59559 340
798652 800723 375
743077 742673 318
595236 594574 297
175997 175909 241
925855 926806 370
42509 103920 351
326216 333532 353
704957 712366 380
121075 114904 349
814165 812697 375
15114 31315 308
64822 50280 340
60838 28552 340
4134 54250 340
83059 60687 351
83771 89544 333
73466 20472 340
11795 1641 268
106769 24987 354
68117 65291 312
338557 334307 366
31241 39039 324
48064 41808 314
91135 51328 351
2001 17031 276
105583 81695 341
92303 38691 351
3246 65414 340
47131 16159 324
75417 55258 335
52528 87846 351
55223 72166 335
308714 306678 371
24251 66501 340
15501 82690 351
49147 7316 324
48099 53209 340
14161 66041 340
952991 953374 414
229012 232474 443
19850 824 279
83481 75658 351
64322 44636 340
47228 57265 340
87029 80789 320
915279 913023 370
42385 102339 351
295251 300487 371
41886 46639 314
97817 90233 333
218373 221909 355
74770 109626 354
685946 681110 380
251495 248765 350
37896 53844 340
17242 4359 276
73228 32464 340
1410 10326 262
369857 374434 392
593585 593868 297
29998 44142 324
112986 79827 354
88416 24657 351
83873 91752 333
13019 34016 308
797385 801191 393
65105 10473 340
11396 92995 351
51363 34153 324
65251 65585 268
116368 119574 336
657822 657723 292
61009 14158 340
103971 102626 310
6527 105627 351
450401 450999 387
59906 25599 340
74562 111346 354
314180 317146 353
61410 20764 340
31328 71378 340
9751 91042 351
57144 7183 340
75417 11601 340
5356 89085 351
2542 107156 354
542472 542206 271
102637 18830 351
60086 66060 335
94522 33457 351
25257 105760 351
26548 63514 340
550045 551043 346
19049 67710 340
103416 48726 351
50867 60118 340
63788 97306 351
611995 610394 354
996993 994698 365
80577 23254 351
8340 37296 324
784127 783641 331
46408 106028 351
93558 27409 351
102762 6456 351
7348 38301 324
43320 90663 351
94883 94087 315
4012 32963 308
92327 104164 341
643048 643576 279
635180 635214 186
60082 87647 351
353281 346562 379
87132 46371 351
109316 82825 354
264403 267643 345
112734 34708 354
108882 74297 354
60199 82612 351
245232 245066 213
590713 597834 403
70442 99627 351
61754 26232 340
19519 54525 340
399664 394818 374
184910 188003 347
64274 12999 340
37719 41583 306
486926 486724 382
18681 19536 261
103357 3753 351
58518 49143 340
874275 874128 264
98010 12444 351
71371 14144 340
422364 422527 325
86254 14453 351
325832 335464 353
110240 8838 354
699774 699469 367
15862 32258 308
12919 46126 324
20568 21935 256
83174 78290 338
190597 186952 360
81453 35662 351
356292 344369 441
46044 73809 340
25614 98036 351
107040 55719 354
23102 70176 340
33206 11843 308
348242 351302 366
55873 85762 351
22938 24846 282
22250 47658 324
475000 473735 382
70818 68849 312
7659 107438 354
113116 39234 354
599357 600599 372
477048 468007 382
39184 81158 351
820223 819569 450
76274 50293 340
570492 571471 297
59283 62466 335
