886598 886924 401
262478 260791 332
839865 840449 357
114441 132645 349
804687 804378 331
94224 57202 351
925281 926197 339
426374 429438 374
322581 319658 371
843849 841839 388
829 41251 324
200845 191861 360
257118 255331 345
902167 903471 383
615282 614269 447
715962 716360 380
228481 231452 443
189609 187550 316
55538 86931 351
304167 302805 340
71302 66852 312
288724 288857 270
493804 497196 351
571233 572101 359
391620 390356 361
598241 590673 403
967062 966403 308
650093 650767 341
338748 336730 366
790010 791195 375
975548 976065 339
22830 3613 279
814904 814606 313
646576 646882 292
337201 327665 366
936000 936935 339
181576 183356 334
172325 184235 365
178413 179177 303
503433 502633 289
854971 855935 388
932719 933751 370
799529 798426 375
877102 878133 401
579974 579768 253
255863 256469 288
615542 619485 372
765263 763901 362
187335 189481 316
732003 731153 336
720808 722444 411
934764 934615 295
890434 895378 370
561192 564230 359
138693 148654 375
924071 922955 326
867937 868122 251
610964 611991 354
490388 489349 307
982922 982506 383
766883 767208 318
11962 87717 351
950239 948704 352
337866 323391 384
933398 933972 370
987289 991530 352
140144 150052 375
988497 986143 396
350 11999 268
595217 599800 372
385956 383163 348
515206 514690 333
530237 526759 377
988515 985392 396
325174 327057 340
883587 883058 264
551405 552053 377
197453 191457 360
260298 259170 345
412938 412571 343
149622 150372 370
716767 717452 349
951852 953991 414
706466 711778 380
507415 506032 382
682692 681122 336
416634 415656 387
165973 169324 352
353800 354926 348
354220 345279 441
59268 96174 351
848395 848614 282
915771 915530 264
499255 499045 276
612257 612472 297
853271 853888 357
610773 609742 341
744182 744366 256
392170 392232 255
770577 773480 393
440975 444122 356
719108 717864 336
651868 653129 354
953234 953838 414
468291 475232 382
728074 728581 287
305568 302366 340
210683 207971 342
622973 623110 248
182656 170888 365
492065 498112 426
823330 822168 331
645106 641929 416
674672 670056 367
17228 21183 279
358088 344321 441
403679 403886 237
357184 343869 441
436576 436847 325
367688 363984 361
850972 850846 251
260775 266021 407
219167 220190 355
167549 162415 352
836093 834954 313
755108 754629 318
20156 98096 351
678313 675090 385
954329 952498 414
93771 78798 333
709270 708376 349
664609 664142 323
697835 696490 336
110762 83866 354
843357 842018 388
969598 970848 458
192931 201131 360
260485 259728 345
947224 948834 383
368707 363629 361
913759 915791 370
685264 685601 349
131561 121828 344
485823 485672 289
956708 956826 352
866468 868755 357
303901 303002 340
214109 219257 386
385728 383380 348
523122 517912 439
659443 659152 310
877693 876470 401
157752 154787 383
416536 419644 343
670923 678629 385
100387 99538 341
964542 965449 277
865286 865072 220
526002 529285 408
780543 780726 300
841805 843100 388
226147 221560 368
289071 290562 340
656249 656338 248
359592 358972 317
675662 679658 385
704597 704590 199
722813 722044 411
503781 502535 320
403792 403142 343
420585 420481 312
15711 107394 354
215601 225310 386
543801 543999 271
156396 156613 295
288065 287750 283
915165 912174 401
117164 115060 349
759483 759435 362
329079 328456 335
270183 269164 345
997908 998179 228
751859 751813 287
885137 885793 370
883105 884121 370
350670 357744 379
176722 180366 347
763704 764654 300
882767 880764 326
832794 830861 419
902213 903008 383
592384 597246 372
283127 283891 358
713257 707856 411
645284 644467 310
624841 625043 279
96366 85081 333
203448 201796 342
844235 843600 357
805279 804212 331
