1 10 20
100 200 125
201 210 89
900 1000 174
1 10000 262
1 5 8
10000 30000 308
200 892 179
1 1000 179
1 100000 351
109660 113382 323
173778 184488 365
353576 358344 379
231369 239230 381
399278 403137 387
443630 453531 387
362523 363238 273
38678 113382 354
282353 284136 358
292012 302353 371
397776 403137 387
200902 201568 267
395639 403137 387
348947 358344 379
268483 268757 270
172112 184488 365
114070 134378 349
86554 113382 354
86259 113382 354
55453 113382 354
104678 113382 354
314539 318973 353
278945 280574 345
443145 453531 387
280096 280574 345
469187 477792 382
273006 276733 358
308256 311326 371
420161 420350 343
131408 134378 331
2944 113382 354
258881 268757 407
422148 425297 418
427793 430504 325
358204 358344 304
219230 226765 368
181195 184488 334
292442 302353 371
5901 113382 354
170554 184488 365
384823 387310 348
110989 113382 323
406619 408029 343
448905 453531 387
22410 113382 354
375232 376830 423
382677 387310 348
88530 113382 354
217804 226765 368
65181 113382 354
680 10418 262
3973 35177 311
4061 17523 276
88 45586 324
3199 13992 276
1624 49548 324
255 4638 238
4824 26567 282
436 25217 282
2298 13252 268
2028 38926 324
3491 4073 238
3280 26712 308
3704 51570 324
1653 50764 324
4446 50910 324
143 30822 308
4734 18095 279
4267 6293 262
3801 9364 262
798 19979 279
3591 51082 324
4872 50221 324
2753 42624 324
4858 15804 276
536 28962 308
1188 22592 279
2445 15786 276
2265 40354 324
580 2957 217
25 12338 268
338 10165 262
1960 3638 217
3883 34199 308
1734 49598 324
59 32871 308
800 7256 262
3985 23937 282
4522 27890 308
3723 35942 324
132748 134378 331
303718 306022 340
518633 523944 439
708268 713574 411
412111 414539 374
264667 268757 345
18810 34663 311
647240 647848 310
355950 358344 379
581419 581501 328
570836 574005 372
602615 604707 372
493440 498686 395
301219 302353 296
279288 280574 345
838316 839677 388
596915 604707 403
810626 810813 344
28262 68622 340
313527 318973 353
893865 901118 401
426241 430504 374
745740 747290 349
562656 563262 359
588499 588542 222
157522 159486 352
855996 856730 375
769283 769640 393
609043 612045 359
718390 719224 336
530851 531182 346
47090 48020 314
34154 78557 351
53737 88706 351
747108 747290 287
461332 466990 369
114872 129134 349
252598 255112 363
399799 403137 387
209122 212648 355
641045 645755 416
387719 388718 330
668915 669920 292
67066 71948 325
536440 537515 377
695802 698592 367
692761 695066 367
175384 184488 365
729802 730558 380
471501 477792 382
226765 216136 386
340149 339984 291
19764 12456 279
882814 878838 357
406991 406049 343
785917 782908 375
669920 669285 292
133903 128258 344
854190 853898 357
408029 407547 268
170074 166594 334
340149 337940 366
865845 865772 220
280574 278400 345
822138 821280 375
59373 20470 340
311326 306914 371
403137 401481 299
363454 363334 211
73512 54633 335
420862 420359 312
807406 807146 406
340149 335342 366
111776 69361 354
574005 573601 328
571329 568603 377
302353 298709 371
665066 658327 367
134378 119101 344
473853 472682 338
488166 487843 382
604707 597166 403
151176 148691 370
113382 91275 354
574005 569674 377
71155 34261 340
803870 798494 406
340149 333088 366
559784 556249 346
103903 77952 341
726056 725498 305
704510 704181 336
531182 526508 377
620970 617203 372
566718 566412 359
430504 427686 374
803870 797082 406
276733 273298 358
311326 309168 371
49131 11000 324
