1 10 20
100 200 125
201 210 89
900 1000 174
89384 30887 351
92778 36916 351
47794 38336 314
85387 60493 351
16650 41422 324
2363 90028 351
68691 20060 340
97764 13927 351
80541 83427 320
89173 55737 351
5212 95369 351
2568 56430 340
65783 21531 340
22863 65124 340
74068 3136 340
13930 79803 351
34023 23059 308
33070 98168 351
61394 18457 340
75012 78043 351
76230 77374 351
84422 44920 351
13785 98538 351
75199 94325 351
98316 64371 351
66414 3527 340
76092 68981 325
59957 41874 340
6863 99171 351
6997 97282 351
2306 20926 279
77085 36328 351
60337 26506 340
50847 21730 324
61314 25858 340
16125 53896 340
19583 546 279
98815 33368 351
15435 90365 351
44044 13751 324
71088 26809 340
17277 47179 324
95789 93585 328
5404 2652 238
92755 12400 351
99933 95061 328
49677 93369 351
47740 10013 324
36227 98587 351
48095 97540 351
40796 80571 351
51435 60379 340
97468 66602 351
10098 12903 268
73318 70493 325
26653 60757 340
97302 60281 351
24287 9442 282
53866 29690 340
28445 46620 324
58441 44730 340
58032 8118 340
38098 5772 324
34482 90676 351
20710 98928 351
4568 77857 351
79498 72354 351
54587 76966 335
55307 64684 335
6220 28625 308
51529 32872 324
5733 48830 324
9504 30020 308
58271 63369 335
59709 86716 351
26341 18150 282
47797 724 324
42619 2246 324
22847 93452 351
92922 43556 351
92380 97489 328
37765 88229 351
69842 92351 351
65194 41501 340
57035 87765 351
70125 24915 340
36988 75857 340
73744 46492 340
22228 48366 324
9860 81937 351
51433 52552 340
16438 99229 351
53276 75408 335
1475 76122 340
68859 94396 351
36030 61238 340
8236 73794 340
65819 94429 351
66144 31012 340
35929 39530 306
