1 10 20
1 100 119
2 15 20
6 19 21
89 98 119
2 8 17
5 6 9
8 90 116
17 56 113
76 88 111
23 52 112
12 18 21
34 67 113
55 78 116
11 12 15
1 1 1
9 90 116
1 79 116
6 69 113
5 55 113
1 10 20
100 200 125
201 210 89
900 1000 174
1 3 8
24 500 144
43 558 144
600 2000 182
780 952 179
19 212 125
500 502 111
4502 4923 197
5634 7567 262
779 994 179
210 589 144
970 999 143
7153 8475 252
961 987 143
1 1 1
9 10 20
2 3 8
1 600 144
15 16 18
800 999 179
1534 4444 238
3333 3334 31
808 898 179
452 456 41
567 674 145
888 900 148
11687 21179 279
46256 59051 340
11245 25644 282
52739 1318 340
69110 48393 340
46464 20372 324
10843 44885 324
54782 11580 340
48862 1175 324
1425 57866 340
19462 48467 324
64669 39219 340
34923 51394 324
53870 67801 335
10795 26515 282
4145 38513 324
8303 23713 282
63156 40549 340
35009 36720 324
50245 68916 340
10171 44066 324
58351 15009 340
39533 34216 324
60375 44704 340
66933 10874 340
11275 33106 308
49797 41744 314
17562 55356 340
68236 16419 340
42973 27989 324
65285 64776 268
26236 10338 282
59307 36794 340
65352 41839 340
64785 14075 340
19747 23525 274
4754 25055 282
42428 10624 324
36543 8226 324
16844 54349 340
41415 65132 340
57661 10434 340
10359 35346 311
13357 52504 324
16781 6626 276
19014 52548 340
33204 1703 308
60862 32959 340
49205 36390 314
54024 14905 340
48551 2688 324
15860 51862 324
66029 48888 340
37109 1849 324
9928 39008 324
3264 10067 262
69337 17516 340
28017 59356 340
45114 11815 324
64289 45832 340
25810 31267 308
5869 3740 236
46223 5118 324
52837 8396 340
2578 57049 340
35355 42472 324
6473 33167 308
29977 3153 308
49338 20720 324
3867 42691 324
35802 6245 324
39808 57922 340
56005 19429 340
12774 55692 340
943 19932 279
53896 31195 340
19448 12126 279
53333 57672 322
49045 63684 340
33365 8593 308
46721 46126 283
42175 28638 324
21060 6145 279
669 26286 282
44665 26608 324
58647 24527 340
47694 6222 324
919 51821 324
46829 37577 314
66654 27490 340
57766 15764 340
13755 16287 271
62772 8388 340
46102 65928 340
64187 53888 335
22395 7926 279
66938 51179 340
63416 47790 340
38185 60923 340
27242 41759 324
