68699 784077 509
496918 805913 509
164810 944953 525
163020 869750 525
647310 782113 504
717671 48019 509
218908 802162 509
579843 708910 509
706579 386041 509
32799 768939 509
913209 435160 525
418685 132729 449
912208 67954 525
829225 273569 509
330400 710267 509
383865 131039 443
572273 520805 452
102899 347315 443
822321 290600 509
509463 918128 525
983751 579784 525
642295 19004 509
368110 602276 470
417569 940214 525
792617 221786 509
348735 814874 509
964122 146959 525
925923 397440 525
938361 699612 525
210569 544017 470
346728 829291 509
309105 2847 443
981822 409966 525
109819 218877 386
571307 792343 509
417359 660647 509
993377 120770 525
335485 340411 366
598905 39382 470
273201 246227 407
983041 292360 525
174886 329560 443
175690 710922 509
164600 247805 443
532099 227476 470
954483 55007 525
902814 282039 525
616707 412168 470
655182 223067 509
306403 795507 509
416121 727283 509
63601 800761 509
591816 73557 470
344881 593426 470
251275 394777 441
877970 780575 525
190229 571551 470
166777 864829 525
746792 782353 468
329036 839750 525
402126 192633 443
634839 530162 509
492787 381845 449
736178 475391 509
434257 306570 449
183735 143516 383
777765 167646 509
529705 770240 509
905625 353185 525
890656 359918 525
575409 425440 470
484660 425251 444
352746 599827 470
885608 409738 525
221331 994796 525
317579 771837 509
490780 548903 470
362151 53618 443
511008 838600 525
578137 992082 525
456867 372105 449
538784 613695 452
607321 504218 470
187944 121433 383
774258 243900 509
584362 358056 470
644352 227332 509
12217 167064 383
826080 841813 525
93846 997217 525
121946 369470 443
134955 474791 449
706580 687579 504
303426 24834 443
678189 247649 509
332434 750261 509
921613 468930 525
742537 595315 509
62074 984706 525
228045 342264 443
255185 825177 509
283036 319443 389
707653 713983 411
184641 453310 449
91192 792876 509
519541 959968 525
459200 699872 509
733504 136656 509
315962 393554 441
378870 430635 449
729662 210916 509
377521 776132 509
124285 90434 354
233147 939476 525
763126 818831 468
428036 476171 444
630890 481524 509
93563 776169 509
372948 492329 449
558466 182016 470
256381 313346 407
764017 760753 375
582703 571691 390
332302 596580 470
332292 567594 470
356459 640629 509
589153 978882 525
917486 927746 476
711808 112774 509
239976 284003 407
316301 954438 525
814374 695293 504
14063 693611 509
515507 646331 509
701205 980313 525
599032 38387 470
382362 625261 470
242363 588938 470
987271 410270 525
905957 810518 525
219146 326029 443
999996 712533 525
975896 113175 525
873671 861259 432
56309 860407 525
938586 143905 525
806010 614128 509
716756 411695 509
462131 244327 449
907726 434323 525
952873 456959 525
927753 711613 525
214509 667878 509
343236 894538 525
973891 46150 525
351733 342586 441
615798 660208 509
221466 248517 443
562418 51009 470
101830 621153 470
257593 611548 470
989432 747687 525
257766 489288 449
417422 30925 449
857219 504883 525
259763 100893 443
857647 907579 445
267051 515590 470
957794 613375 525
13118 688742 509
735837 870828 525
886014 750221 525
114778 202012 383
600630 534388 452
198070 199513 329
645095 756112 504
485649 230663 449
989578 411545 525
511371 378620 449
968347 674804 525
351031 719259 509
221026 324253 443
165266 969193 525
604088 239667 470
440006 233859 449
420562 962880 525
178624 931755 525
272651 607039 470
792011 442420 509
295147 407729 441
900396 35732 525
749040 576820 509
327399 432186 449
188118 389944 443
254672 53370 443
998003 93419 525
253684 596544 470
371859 925996 525
912602 98511 525
802695 398109 509
359726 757523 509
751045 659360 504
802377 371369 509
212781 570209 470
339008 879332 525
147957 934299 525
894319 123058 525
490365 189118 449
607426 908564 525
913127 330334 525
413726 153664 449
263880 764185 509
332866 254000 407
647426 368086 509
861744 18716 525
934904 203201 525
854062 901520 445
790703 202093 509
739310 162057 509
670554 993593 525
196442 990578 525
976972 430089 525
943341 790629 525
396140 105193 443
598185 611839 403
536440 294007 470
879811 642325 525
186174 204615 360
127043 990296 525
564965 82365 470
864702 894284 445
104126 703518 509
534644 10871 470
94308 35298 351
711381 214762 509
35668 627340 509
644324 49297 509
111732 577656 470
188500 265829 443
616934 782843 509
339927 268945 407
468474 944892 525
619635 107312 470
699232 441920 509
398346 544097 470
793349 795511 331
916266 928954 476
53631 934350 525
771094 526412 509
333993 936154 525
84223 10793 351
17638 960702 525
611974 727239 509
996063 129733 525
309220 64998 443
307927 498055 449
68745 341057 443
686634 812090 504
543828 321953 470
238216 668605 509
374303 306608 441
214859 497949 449
262323 671680 509
618028 165141 470
100955 214615 383
95629 883109 525
243270 647907 509
951501 269861 525
962393 75729 525
323433 300516 384
744620 441613 509
270025 798912 509
495511 15695 449
791734 422894 509
626540 78661 509
636883 410930 509
727277 538639 509
166762 265184 443
98644 879906 525
500641 874950 525
9823 46071 324
65734 637659 509
32420 232048 443
184239 424331 449
984262 967753 458
418666 963969 525
336090 622749 470
885432 999291 507
695535 525150 509
262584 345009 407
67391 865883 525
11965 249380 443
90049 615532 470
459390 347213 449
655815 100113 509
969994 870324 507
472176 606065 470
865919 140065 525
835153 245825 509
537608 74663 470
585564 79842 470
438193 905127 525
227591 302794 443
646353 281417 509
194710 127128 383
184847 189890 360
105859 479222 449
932515 498397 525
360339 287567 441
886924 265199 525
204082 823444 509
512660 674280 509
33792 931324 525
818847 587238 509
100282 114870 354
658193 210980 509
351736 913025 525
229624 927435 525
230549 826629 509
325845 128016 443
37520 126904 354
269198 526216 470
372417 311295 441
599535 196202 470
82326 759633 509
469926 895227 525
727911 649602 504
790714 178624 509
785249 353690 509
662456 55299 509
792750 37665 509
457556 548774 470
723366 320270 509
285396 358029 441
447604 599965 470
520335 237912 470
657425 303203 509
318056 216752 443
690603 557577 509
722463 946924 525
914147 622458 525
605400 426074 470
976259 798237 525
639454 930469 525
10772 230139 386
809999 690952 504
856865 331782 525
40651 714432 509
33402 362233 443
454416 56793 449
825627 810489 450
132328 272843 443
445388 317684 449
660347 382615 509
442319 735259 509
569 512895 470
455603 885579 525
118004 897581 525
922932 263431 525
914635 860493 476
559381 879206 525
421600 521634 470
767371 97809 509
997027 49070 525
743730 365927 509
275964 718616 509
163569 107127 383
632778 323350 509
776619 287123 509
725347 336539 509
764258 661403 504
276294 145611 443
961982 744697 525
126540 367409 443
105674 62635 351
648990 793772 504
899457 856473 445
434305 673226 509
853103 73504 525
20945 24127 282
634356 655536 416
315813 409239 441
513561 264243 470
25363 64489 340
785490 426362 509
439618 214116 449
62346 855536 525
137027 367702 443
93091 123459 354
924786 807856 525
486478 985522 525
797707 222451 509
354969 665621 509
609012 269596 470
311219 553112 470
132166 485175 449
34365 372858 443
935552 295639 525
855189 713700 525
320413 286328 389
875905 582144 525
950768 590477 525
535232 317853 470
550302 462465 470
77045 809088 509
816154 320921 509
938858 172087 525
255891 932896 525
903638 282035 525
335475 302382 384
777220 713844 468
825934 253741 509
4965 576263 470
103856 321324 443
381522 913932 525
804967 676797 504
927985 431402 525
272375 395827 441
923117 810965 525
4344 835134 509
325558 70820 443
609722 750499 509
599846 775759 509
311108 972262 525
6507 507547 449
713103 282017 509
956906 469580 525
929357 647924 525
875790 213082 525
538081 427255 470
989131 82379 525
284249 816265 509
596870 237401 470
406752 348045 436
462298 242052 449
765788 246909 509
223886 618714 470
376485 47112 443
453342 519102 470
421477 786746 509
136756 345706 443
366670 949681 525
621354 848765 525
800061 163388 509
603722 733779 509
96816 750319 509
565319 131886 470
846738 563007 525
870111 53740 525
110290 90013 354
98373 444341 449
148690 101600 375
216571 93962 386
748220 786825 468
478582 20450 449
617954 691850 509
728483 802429 468
439379 509868 444
85685 396972 443
496749 919998 525
12133 364042 443
639726 871250 525
833911 932881 525
508559 454538 444
122083 851777 525
467397 113326 449
529865 199728 470
13556 599240 470
128101 934500 525
929603 773427 525
812408 498808 509
198927 808313 509
67423 887562 525
912156 357476 525
817745 851700 525
731396 261465 509
736609 965101 525
756217 742050 424
11363 875972 525
572960 982436 525
178821 680998 509
870986 23658 525
21781 538687 470
37118 907003 525
853810 772216 525
763840 152923 509
286547 564142 470
980780 800353 525
991602 495456 525
846456 474040 525
941799 27025 525
905053 598045 525
990369 367325 525
736767 965546 525
837318 294647 509
380988 378395 379
636653 630248 416
319952 120824 443
989244 747196 525
699201 222847 509
917480 929549 476
439951 100109 449
617035 152091 470
677365 771031 504
224166 479911 449
77243 948824 525
78604 452967 449
596983 428015 470
924302 339712 525
921178 657685 525
18275 458572 449
524010 715714 509
129580 542725 470
607494 129802 470
394826 658112 509
116095 669590 509
151721 22768 375
21115 33229 308
716249 764821 424
371404 526686 470
511039 744294 509
216634 777158 509
265002 441869 449
980350 445860 525
441806 509778 444
729139 436838 509
307529 749422 509
817117 683711 504
22225 669099 509
664119 349106 509
622557 269046 470
996628 150885 525
623426 584904 447
509303 193239 449
319884 531647 470
303305 792069 509
404715 650488 509
798346 359078 509
542969 165702 470
791871 417828 509
224499 975291 525
371398 259375 441
824672 338946 509
316634 872752 525
4900 835428 509
510943 609476 470
719895 530157 509
206456 658801 509
191902 795268 509
604998 415974 470
295632 497075 449
320575 778385 509
620157 131635 470
334359 249585 407
738506 267309 509
343293 710551 509
803213 929472 525
591361 252304 470
319309 66044 443
252786 442154 449
732178 87549 509
720643 470813 509
639299 95238 509
344948 515373 470
839909 337395 525
382874 73892 443
162702 299330 443
635081 553778 509
131457 784285 509
247521 444311 449
521833 791479 509
97547 75207 351
445094 230532 449
571534 718555 509
547496 463382 470
502058 241793 449
595549 166597 470
178683 225745 386
261216 408373 441
837142 69153 509
943637 14406 525
500856 797187 509
23319 348944 443
348282 937570 525
869538 846178 419
563687 498676 470
132675 283337 443
454668 99434 449
490129 171877 449
322292 126757 443
100929 887438 525
619881 208402 470
881781 678842 525
235594 905288 525
198330 656545 509
307851 503851 449
417045 493737 444
440672 446184 356
629000 861923 525
645709 24838 509
793539 247947 509
297333 720767 509
382235 616445 470
780751 608818 509
415616 438998 418
21157 270668 443
258429 879429 525
908146 235967 525
280983 265597 407
444710 404157 449
993371 106331 525
432403 890897 525
8119 531072 470
135148 516598 470
991205 376993 525
971678 510980 525
640715 86514 509
646059 691163 442
810841 704687 468
992825 969281 458
6652 437037 449
631339 380631 509
708127 850595 525
732174 434146 509
407694 826864 509
56326 774798 509
208826 219896 386
366316 510083 449
892160 173310 525
679696 535638 509
173935 645449 509
822168 222531 509
197296 394299 443
817380 79454 509
663915 70427 509
485565 499794 426
546772 769843 509
665248 558235 509
969123 116019 525
888635 151948 525
268895 453997 449
150068 518170 470
694775 508623 509
498424 379930 449
548550 464561 470
914427 875408 476
950632 285961 525
198127 960986 525
65073 260308 443
10267 934790 525
891770 43433 525
762513 828943 468
399544 154517 443
623897 311269 470
454769 61480 449
591407 498171 470
890582 627427 525
153901 881672 525
821415 863811 525
249052 519768 470
944274 288996 525
672373 489779 509
236128 857831 525
827801 75127 509
856846 220614 525
345870 577859 470
256047 771810 509
202591 476313 449
163392 975484 525
752268 291916 509
359202 305236 441
968151 398680 525
264151 846625 525
554198 460105 470
657497 843010 525
240900 902976 525
410794 105751 449
766824 647018 504
187065 568945 470
754507 708803 424
379961 982850 525
292878 693990 509
711090 147116 509
256214 557763 470
852381 610580 525
403713 442628 449
448274 325423 449
831439 403026 509
512869 669339 509
194884 582724 470
962772 885611 507
65365 65853 268
375123 409056 436
713478 837855 525
325794 454224 449
196783 763937 509
979018 469167 525
636784 12994 509
994530 307547 525
351657 627600 509
867091 702045 525
149565 342879 443
658713 166444 509
6525 337384 443
967811 539699 525
366747 98315 443
661538 157923 509
160536 291813 443
301144 762071 509
606503 822232 509
204387 888385 525
545018 557798 452
881552 486836 525
469354 528218 470
232302 385696 441
762823 98535 509
138277 691323 509
477548 165735 449
991492 433704 525
764703 376465 509
711617 655210 504
593009 21480 470
608718 209881 470
545456 276486 470
652099 85473 509
957675 660083 525
502466 34422 449
879503 784539 525
998351 688709 525
859884 196189 525
615412 6215 470
986442 272697 525
219988 233635 443
234121 305041 407
925624 268761 525
474732 737354 509
323007 241850 407
283850 970087 525
977839 706912 525
688312 831159 504
921703 339050 525
874335 760990 525
144564 742427 509
603644 618665 447
624891 274399 470
543557 913501 525
314082 568564 470
467486 818903 509
608066 970257 525
304681 533896 470
777357 373912 509
520191 628898 509
763231 447721 509
23150 685220 509
848859 220287 525
484713 900341 525
455770 200928 449
175211 720209 509
486671 522420 470
454422 52439 449
619503 36021 470
588962 259894 470
56688 883842 525
441097 348386 449
491430 259483 449
404294 130729 443
190589 274212 443
823833 746335 468
270431 586574 470
335619 495996 449
145139 97339 375
804712 487982 509
654368 145212 509
10136 788030 509
350717 602986 470
294877 370656 441
310323 83941 443
228794 426280 449
21860 875287 525
309523 115096 443
234407 460010 449
352999 608284 470
968309 546448 525
222352 654302 509
693069 114635 509
150331 459347 449
333942 367929 441
256266 207193 443
594475 154980 470
111221 73544 354
150288 357985 443
942480 751024 525
414748 645633 509
293560 189219 443
281123 621255 470
539461 2411 470
7878 917319 525
976861 601605 525
819401 761155 468
14648 536194 470
189046 648534 509
639440 342895 509
843117 363854 525
150509 429079 449
944627 484679 525
592148 790661 509
111670 333767 443
816601 326232 509
650039 344327 509
368967 323718 441
557516 101360 470
930158 549063 525
637089 917284 525
959096 407562 525
449465 680751 509
696197 596097 509
430615 970624 525
359533 103311 443
100557 415166 449
487659 160239 449
576459 424031 470
463870 971208 525
259319 541301 470
549477 960338 525
512427 865072 525
979912 433677 525
748023 676198 504
713435 795196 468
646920 279264 509
981137 506647 525
933017 320874 525
79481 809510 509
632097 544800 509
414785 788380 509
400764 466012 449
141649 729881 509
287192 43897 443
443708 422060 418
663376 454457 509
396806 328718 441
282159 188013 443
316341 112013 443
645068 399634 509
320202 622637 470
149470 716231 509
874772 811132 525
566614 920696 525
655635 258470 509
406490 308984 441
227496 368176 443
85777 352695 443
85306 853913 525
611272 391818 470
125578 281956 443
984442 1213 525
98542 780321 509
154665 95526 375
836658 319920 509
560946 599696 434
437677 175281 449
942145 275738 525
663239 914285 525
709993 904456 525
19144 746926 509
242345 799883 509
690177 42057 509
593606 410650 470
227091 625073 470
422554 195527 449
848385 536465 525
271793 514933 470
861154 709677 525
962505 112285 525
392053 370133 436
492603 740623 509
790179 724083 468
246248 833281 509
105915 2534 351
790293 488385 509
165104 806225 509
349476 535133 470
121823 49015 354
130919 925910 525
583441 742019 509
175388 209796 373
116181 622163 470
315164 722297 509
820687 421835 509
257449 27331 443
243733 921244 525
687195 977339 525
787643 40031 509
992631 831012 525
923156 463468 525
320285 646601 509
209257 980815 525
938573 9318 525
520522 609254 452
869291 826033 525
921405 738911 525
715069 607284 509
845645 793327 525
405164 332247 441
822069 986910 525
646771 950067 525
406247 179392 443
254054 37164 443
648793 73886 509
759441 737287 424
549221 502254 470
302977 729853 509
987869 868023 507
992721 395384 525
136444 792675 509
410182 779809 509
639098 474036 509
601280 560218 434
149613 501444 449
699944 198329 509
896101 435593 525
548994 829464 509
921621 746824 525
381854 559540 470
18153 599124 470
779748 75495 509
205607 128884 383
829700 86699 509
708441 471402 509
298241 221870 443
790495 795745 437
232796 102188 443
197714 200815 342
784643 715306 468
981373 855133 507
498765 304702 449
946963 771032 525
442725 818444 509
350680 532833 470
697903 383788 509
610477 739824 509
147631 952575 525
538972 739195 509
475126 723787 509
377838 133043 443
665709 136132 509
380470 50030 443
288983 928139 525
513803 306773 470
591538 379953 470
570907 381122 470
416693 867447 525
270552 210791 443
581750 59332 470
20332 854593 525
966385 152934 525
892549 612140 525
178811 265043 443
486173 84307 449
840984 376748 525
524005 917234 525
338387 798482 509
999203 557491 525
837764 847279 525
204060 287002 443
417599 998065 525
846528 115734 525
308554 380786 441
231043 90093 443
849878 854671 419
196530 940979 525
132494 445044 449
890607 826540 525
642959 55139 509
143372 363882 443
118278 99678 354
703221 721492 504
669544 503752 509
866846 980845 507
706013 793637 468
692218 509977 509
628244 274242 509
627912 601456 509
62239 176131 383
597559 493888 470
939276 444633 525
289789 478513 449
762226 593885 509
752254 805090 468
744694 168880 509
605339 117363 470
211664 912288 525
177326 949142 525
166142 298470 443
848133 622458 525
431152 407192 449
546907 205869 470
831553 327623 509
369286 382413 423
238858 236990 350
222053 305027 443
142788 380223 443
860994 380390 525
889693 18620 525
29974 319994 443
285982 68564 443
947109 73562 525
469713 623886 470
303237 219809 443
988434 230320 525
230220 705126 509
137485 180195 383
618138 476522 470
511538 758351 509
284525 359511 441
810518 649217 504
47190 21444 324
90901 319093 443
464657 522792 470
941120 768173 525
781786 763550 468
777485 635893 504
221334 733901 509
879877 561931 525
297216 532638 470
