189832 282837 443
170598 218595 386
364662 827160 509
526083 299840 470
426160 687430 509
621845 137930 470
70114 837307 509
312580 361080 441
984707 304760 525
433879 733426 509
804239 789261 468
60700 913088 525
780048 592306 509
786935 441844 509
713199 183441 509
619988 716830 509
956243 806971 525
300063 855775 525
710244 23797 509
725989 434697 509
418536 978317 525
697663 50596 509
790030 482116 509
369817 541585 470
872681 714135 525
652603 483004 509
641585 451306 509
291570 270469 389
766431 264132 509
512936 699436 509
579452 38431 470
929611 455732 525
777713 517518 509
869259 342645 525
62536 298291 443
407759 387554 436
744034 860270 525
169737 194705 365
320196 758322 509
392411 40618 443
177638 67865 383
839830 244751 525
855100 535595 525
901625 290434 525
760945 659245 504
613747 19701 470
842384 96707 525
398205 980550 525
466815 387812 449
34665 666277 509
694648 961323 525
748815 953937 525
198150 795232 509
330744 522577 470
312306 900175 525
881145 411825 525
91385 3817 351
123958 167494 383
788842 428286 509
221174 213281 386
878386 173281 525
678792 186267 509
590484 644195 509
242552 978791 525
951283 297640 525
647820 140428 509
479839 715984 509
710135 111153 509
24791 268049 443
521202 480447 470
703017 564861 509
449704 96937 449
540523 377341 470
237135 389339 441
209773 547111 470
725899 701814 504
207838 692069 509
660278 795525 504
926204 185167 525
560401 923018 525
325771 967813 525
885198 43225 525
349523 248601 441
572389 812238 509
780539 33549 509
571849 958662 525
984453 735815 525
173311 532209 470
863197 820848 525
770135 300361 509
390761 557197 470
197990 260285 443
301941 463701 449
940574 831826 525
861469 970553 507
304104 802290 509
153609 144733 370
128099 504867 449
1277 69557 340
722069 29899 509